[ 2014-12-25T08:44:34+08:00 ] 127.0.0.1 /examples/oa/
INFO: [ app_init ] --START--
INFO: Run Behavior\BuildLiteBehavior [ RunTime:0.000000s ]
INFO: [ app_init ] --END-- [ RunTime:0.226013s ]
INFO: [ app_begin ] --START--
INFO: Run Behavior\ReadHtmlCacheBehavior [ RunTime:0.007001s ]
INFO: [ app_begin ] --END-- [ RunTime:0.009001s ]
SQL: SHOW COLUMNS FROM `oa_duty` [ RunTime:0.112007s ]
SQL: SHOW COLUMNS FROM `oa_level` [ RunTime:0.031002s ]
SQL: SHOW COLUMNS FROM `oa_department` [ RunTime:0.051003s ]
SQL: SELECT `id`,`name` FROM `oa_department`  [ RunTime:0.008000s ]
SQL: SELECT `id`,`name` FROM `oa_level`  [ RunTime:0.000000s ]
SQL: SELECT `id`,`name` FROM `oa_duty`  [ RunTime:0.001000s ]
INFO: [ view_parse ] --START--
INFO: [ template_filter ] --START--
INFO: Run Behavior\ContentReplaceBehavior [ RunTime:0.000000s ]
INFO: [ template_filter ] --END-- [ RunTime:0.000000s ]
INFO: Run Behavior\ParseTemplateBehavior [ RunTime:0.060003s ]
INFO: [ view_parse ] --END-- [ RunTime:0.060003s ]
INFO: [ view_filter ] --START--
INFO: Run Behavior\WriteHtmlCacheBehavior [ RunTime:0.006000s ]
INFO: [ view_filter ] --END-- [ RunTime:0.006000s ]
INFO: [ app_end ] --START--
INFO: Run Behavior\ShowPageTraceBehavior [ RunTime:0.001001s ]
INFO: [ app_end ] --END-- [ RunTime:0.002001s ]

[ 2014-12-25T08:44:45+08:00 ] 127.0.0.1 /examples/oa/Index/login.html
INFO: [ app_init ] --START--
INFO: Run Behavior\BuildLiteBehavior [ RunTime:0.000000s ]
INFO: [ app_init ] --END-- [ RunTime:0.001001s ]
INFO: [ app_begin ] --START--
INFO: Run Behavior\ReadHtmlCacheBehavior [ RunTime:0.001000s ]
INFO: [ app_begin ] --END-- [ RunTime:0.001000s ]
SQL: SHOW COLUMNS FROM `oa_user` [ RunTime:0.056003s ]
SQL: SELECT * FROM `oa_user` WHERE `username` = 'zengk' AND `password` = 'c4ca4238a0b923820dcc509a6f75849b' LIMIT 1   [ RunTime:0.023002s ]
SQL: UPDATE `oa_user` SET `username`='zengk',`password`='c4ca4238a0b923820dcc509a6f75849b',`first_name`='曾',`last_name`='科',`gender`='M',`birthday`='1981-01-08',`begin_work_date`='2006-07-01',`enter_date`='2013-04-23',`email`='38170508@qq.com',`image_url`='public',`last_login`='2014-12-25 08:44:45',`login_count`=39,`calendar_color`='',`is_login`=1,`is_active`=1,`is_super`=1,`department_id`=5,`duty_id`=5,`level_id`=4,`create_time`='2014-12-04 10:44:27',`update_time`='2014-12-04 10:52:21' WHERE `id` = 13 [ RunTime:0.054003s ]
NOTIC: [8] Undefined index: headImg D:\wamp\www\examples\OA\Apps\Common\Common\function.php 第 48 行.

[ 2014-12-25T08:44:45+08:00 ] 127.0.0.1 /examples/OA/Index/main.html
INFO: [ app_init ] --START--
INFO: Run Behavior\BuildLiteBehavior [ RunTime:0.000000s ]
INFO: [ app_init ] --END-- [ RunTime:0.001000s ]
INFO: [ app_begin ] --START--
INFO: Run Behavior\ReadHtmlCacheBehavior [ RunTime:0.001000s ]
INFO: [ app_begin ] --END-- [ RunTime:0.001000s ]
SQL: SHOW COLUMNS FROM `oa_saying` [ RunTime:0.036002s ]
SQL: SELECT MIN(id) AS tp_min FROM `oa_saying` LIMIT 1   [ RunTime:0.017001s ]
SQL: SELECT MAX(id) AS tp_max FROM `oa_saying` LIMIT 1   [ RunTime:0.000000s ]
SQL: SELECT `content` FROM `oa_saying` WHERE `id` = 13 LIMIT 1   [ RunTime:0.000000s ]
SQL: SHOW COLUMNS FROM `oa_schedule` [ RunTime:0.037002s ]
SQL: SHOW COLUMNS FROM `oa_user` [ RunTime:0.004000s ]
SQL: SHOW COLUMNS FROM `oa_user` [ RunTime:0.004001s ]
SQL: SELECT a.id,a.username,a.last_name,a.first_name,a.calendar_color FROM oa_user a LEFT JOIN oa_department b on a.department_id = b.id  WHERE b.name = '委领导'  [ RunTime:0.012000s ]
SQL: SHOW COLUMNS FROM `oa_department` [ RunTime:0.005001s ]
SQL: SELECT b.id,b.username,b.last_name,b.first_name,b.calendar_color FROM oa_department a LEFT JOIN oa_user b on a.leader_id = b.id  WHERE a.id <> 1  [ RunTime:0.001000s ]
SQL: SHOW COLUMNS FROM `oa_schedule` [ RunTime:0.005001s ]
SQL: SELECT a.id,a.title,a.begin_time as start,a.end_time as end,a.is_allday as allDay,b.calendar_color as color FROM oa_schedule a LEFT JOIN oa_user b on a.user_id = b.id  WHERE a.user_id = '1' AND a.begin_time BETWEEN '2014-12-25 00:00' AND '2014-12-25 23:59' ORDER BY a.begin_time asc  [ RunTime:0.017001s ]
SQL: SHOW COLUMNS FROM `oa_schedule` [ RunTime:0.004000s ]
SQL: SELECT a.id,a.title,a.begin_time as start,a.end_time as end,a.is_allday as allDay,b.calendar_color as color FROM oa_schedule a LEFT JOIN oa_user b on a.user_id = b.id  WHERE a.user_id = '2' AND a.begin_time BETWEEN '2014-12-25 00:00' AND '2014-12-25 23:59' ORDER BY a.begin_time asc  [ RunTime:0.000000s ]
SQL: SHOW COLUMNS FROM `oa_schedule` [ RunTime:0.004000s ]
SQL: SELECT a.id,a.title,a.begin_time as start,a.end_time as end,a.is_allday as allDay,b.calendar_color as color FROM oa_schedule a LEFT JOIN oa_user b on a.user_id = b.id  WHERE a.user_id = '3' AND a.begin_time BETWEEN '2014-12-25 00:00' AND '2014-12-25 23:59' ORDER BY a.begin_time asc  [ RunTime:0.000000s ]
SQL: SHOW COLUMNS FROM `oa_schedule` [ RunTime:0.005000s ]
SQL: SELECT a.id,a.title,a.begin_time as start,a.end_time as end,a.is_allday as allDay,b.calendar_color as color FROM oa_schedule a LEFT JOIN oa_user b on a.user_id = b.id  WHERE a.user_id = '9' AND a.begin_time BETWEEN '2014-12-25 00:00' AND '2014-12-25 23:59' ORDER BY a.begin_time asc  [ RunTime:0.000000s ]
SQL: SHOW COLUMNS FROM `oa_schedule` [ RunTime:0.003000s ]
SQL: SELECT a.id,a.title,a.begin_time as start,a.end_time as end,a.is_allday as allDay,b.calendar_color as color FROM oa_schedule a LEFT JOIN oa_user b on a.user_id = b.id  WHERE a.user_id = '8' AND a.begin_time BETWEEN '2014-12-25 00:00' AND '2014-12-25 23:59' ORDER BY a.begin_time asc  [ RunTime:0.000000s ]
SQL: SHOW COLUMNS FROM `oa_schedule` [ RunTime:0.005000s ]
SQL: SELECT a.id,a.title,a.begin_time as start,a.end_time as end,a.is_allday as allDay,b.calendar_color as color FROM oa_schedule a LEFT JOIN oa_user b on a.user_id = b.id  WHERE a.user_id = '4' AND a.begin_time BETWEEN '2014-12-25 00:00' AND '2014-12-25 23:59' ORDER BY a.begin_time asc  [ RunTime:0.000000s ]
SQL: SHOW COLUMNS FROM `oa_schedule` [ RunTime:0.003000s ]
SQL: SELECT a.id,a.title,a.begin_time as start,a.end_time as end,a.is_allday as allDay,b.calendar_color as color FROM oa_schedule a LEFT JOIN oa_user b on a.user_id = b.id  WHERE a.user_id = '5' AND a.begin_time BETWEEN '2014-12-25 00:00' AND '2014-12-25 23:59' ORDER BY a.begin_time asc  [ RunTime:0.001000s ]
INFO: [ view_parse ] --START--
INFO: [ template_filter ] --START--
INFO: Run Behavior\ContentReplaceBehavior [ RunTime:0.000000s ]
INFO: [ template_filter ] --END-- [ RunTime:0.001000s ]
NOTIC: [2] in_array() expects parameter 2 to be array, null given D:\wamp\www\examples\OA\Apps\Common\Common\function.php 第 35 行.
SQL: SHOW COLUMNS FROM `oa_group_access` [ RunTime:0.037002s ]
SQL: SELECT `rules` FROM oa_group_access a INNER JOIN oa_group g on a.group_id=g.id  WHERE ( a.uid='13' and g.status='1' )  [ RunTime:0.020001s ]
SQL: SHOW COLUMNS FROM `oa_rule` [ RunTime:0.028002s ]
SQL: SELECT `condition`,`name` FROM `oa_rule` WHERE `id` IN ('1','2') AND `type` = 1 AND `status` = 1  [ RunTime:0.001000s ]
NOTIC: [2] in_array() expects parameter 2 to be array, null given D:\wamp\www\examples\OA\Apps\Common\Common\function.php 第 35 行.
INFO: Run Behavior\ParseTemplateBehavior [ RunTime:0.152009s ]
INFO: [ view_parse ] --END-- [ RunTime:0.152009s ]
INFO: [ view_filter ] --START--
INFO: Run Behavior\WriteHtmlCacheBehavior [ RunTime:0.001000s ]
INFO: [ view_filter ] --END-- [ RunTime:0.001000s ]
INFO: [ app_end ] --START--
INFO: Run Behavior\ShowPageTraceBehavior [ RunTime:0.001000s ]
INFO: [ app_end ] --END-- [ RunTime:0.001000s ]

[ 2014-12-25T08:44:50+08:00 ] 127.0.0.1 /examples/OA/Schedule/leaderCalendar.html
INFO: [ app_init ] --START--
INFO: Run Behavior\BuildLiteBehavior [ RunTime:0.000000s ]
INFO: [ app_init ] --END-- [ RunTime:0.001000s ]
INFO: [ app_begin ] --START--
INFO: Run Behavior\ReadHtmlCacheBehavior [ RunTime:0.001000s ]
INFO: [ app_begin ] --END-- [ RunTime:0.001000s ]
SQL: SHOW COLUMNS FROM `oa_user` [ RunTime:0.004000s ]
SQL: SHOW COLUMNS FROM `oa_user` [ RunTime:0.006001s ]
SQL: SELECT a.id,a.username,a.last_name,a.first_name,a.calendar_color FROM oa_user a LEFT JOIN oa_department b on a.department_id = b.id  WHERE b.name = '委领导'  [ RunTime:0.001000s ]
SQL: SHOW COLUMNS FROM `oa_department` [ RunTime:0.004000s ]
SQL: SELECT b.id,b.username,b.last_name,b.first_name,b.calendar_color FROM oa_department a LEFT JOIN oa_user b on a.leader_id = b.id  WHERE a.id <> 1  [ RunTime:0.001000s ]
INFO: [ view_parse ] --START--
INFO: [ template_filter ] --START--
INFO: Run Behavior\ContentReplaceBehavior [ RunTime:0.001000s ]
INFO: [ template_filter ] --END-- [ RunTime:0.001000s ]
NOTIC: [2] in_array() expects parameter 2 to be array, null given D:\wamp\www\examples\OA\Apps\Common\Common\function.php 第 35 行.
SQL: SHOW COLUMNS FROM `oa_group_access` [ RunTime:0.005000s ]
SQL: SELECT `rules` FROM oa_group_access a INNER JOIN oa_group g on a.group_id=g.id  WHERE ( a.uid='13' and g.status='1' )  [ RunTime:0.000000s ]
SQL: SHOW COLUMNS FROM `oa_rule` [ RunTime:0.004000s ]
SQL: SELECT `condition`,`name` FROM `oa_rule` WHERE `id` IN ('1','2') AND `type` = 1 AND `status` = 1  [ RunTime:0.000000s ]
NOTIC: [2] in_array() expects parameter 2 to be array, null given D:\wamp\www\examples\OA\Apps\Common\Common\function.php 第 35 行.
INFO: Run Behavior\ParseTemplateBehavior [ RunTime:0.079004s ]
INFO: [ view_parse ] --END-- [ RunTime:0.079004s ]
INFO: [ view_filter ] --START--
INFO: Run Behavior\WriteHtmlCacheBehavior [ RunTime:0.000000s ]
INFO: [ view_filter ] --END-- [ RunTime:0.000000s ]
INFO: [ app_end ] --START--
INFO: Run Behavior\ShowPageTraceBehavior [ RunTime:0.000000s ]
INFO: [ app_end ] --END-- [ RunTime:0.000000s ]

[ 2014-12-25T08:44:50+08:00 ] 127.0.0.1 /examples/OA/Schedule/getEvents/id/1.html?start=2014-12-01&end=2015-01-12&_=1419468290384
INFO: [ app_init ] --START--
INFO: Run Behavior\BuildLiteBehavior [ RunTime:0.000000s ]
INFO: [ app_init ] --END-- [ RunTime:0.001000s ]
INFO: [ app_begin ] --START--
INFO: Run Behavior\ReadHtmlCacheBehavior [ RunTime:0.000000s ]
INFO: [ app_begin ] --END-- [ RunTime:0.001000s ]
SQL: SHOW COLUMNS FROM `oa_schedule` [ RunTime:0.008001s ]
SQL: SHOW COLUMNS FROM `oa_schedule` [ RunTime:0.008000s ]
SQL: SELECT a.id,a.title,a.begin_time as start,a.end_time as end,a.is_allday as allDay,b.calendar_color as color FROM oa_schedule a LEFT JOIN oa_user b on a.user_id = b.id  WHERE a.user_id = '1' ORDER BY a.begin_time asc  [ RunTime:0.001000s ]

[ 2014-12-25T08:44:50+08:00 ] 127.0.0.1 /examples/OA/Schedule/getEvents/id/2.html?start=2014-12-01&end=2015-01-12&_=1419468290385
INFO: [ app_init ] --START--
INFO: Run Behavior\BuildLiteBehavior [ RunTime:0.000000s ]
INFO: [ app_init ] --END-- [ RunTime:0.002001s ]
INFO: [ app_begin ] --START--
INFO: Run Behavior\ReadHtmlCacheBehavior [ RunTime:0.002000s ]
INFO: [ app_begin ] --END-- [ RunTime:0.003000s ]
SQL: SHOW COLUMNS FROM `oa_schedule` [ RunTime:0.007000s ]
SQL: SHOW COLUMNS FROM `oa_schedule` [ RunTime:0.006000s ]
SQL: SELECT a.id,a.title,a.begin_time as start,a.end_time as end,a.is_allday as allDay,b.calendar_color as color FROM oa_schedule a LEFT JOIN oa_user b on a.user_id = b.id  WHERE a.user_id = '2' ORDER BY a.begin_time asc  [ RunTime:0.001000s ]

[ 2014-12-25T08:44:50+08:00 ] 127.0.0.1 /examples/OA/Schedule/getEvents/id/8.html?start=2014-12-01&end=2015-01-12&_=1419468290388
INFO: [ app_init ] --START--
INFO: Run Behavior\BuildLiteBehavior [ RunTime:0.001000s ]
INFO: [ app_init ] --END-- [ RunTime:0.002000s ]
INFO: [ app_begin ] --START--
INFO: Run Behavior\ReadHtmlCacheBehavior [ RunTime:0.001000s ]
INFO: [ app_begin ] --END-- [ RunTime:0.001000s ]
SQL: SHOW COLUMNS FROM `oa_schedule` [ RunTime:0.004000s ]
SQL: SHOW COLUMNS FROM `oa_schedule` [ RunTime:0.004000s ]
SQL: SELECT a.id,a.title,a.begin_time as start,a.end_time as end,a.is_allday as allDay,b.calendar_color as color FROM oa_schedule a LEFT JOIN oa_user b on a.user_id = b.id  WHERE a.user_id = '8' ORDER BY a.begin_time asc  [ RunTime:0.001000s ]

[ 2014-12-25T08:44:50+08:00 ] 127.0.0.1 /examples/OA/Schedule/getEvents/id/4.html?start=2014-12-01&end=2015-01-12&_=1419468290389
INFO: [ app_init ] --START--
INFO: Run Behavior\BuildLiteBehavior [ RunTime:0.000000s ]
INFO: [ app_init ] --END-- [ RunTime:0.002000s ]
INFO: [ app_begin ] --START--
INFO: Run Behavior\ReadHtmlCacheBehavior [ RunTime:0.001000s ]
INFO: [ app_begin ] --END-- [ RunTime:0.002000s ]
SQL: SHOW COLUMNS FROM `oa_schedule` [ RunTime:0.005001s ]
SQL: SHOW COLUMNS FROM `oa_schedule` [ RunTime:0.005000s ]
SQL: SELECT a.id,a.title,a.begin_time as start,a.end_time as end,a.is_allday as allDay,b.calendar_color as color FROM oa_schedule a LEFT JOIN oa_user b on a.user_id = b.id  WHERE a.user_id = '4' ORDER BY a.begin_time asc  [ RunTime:0.000000s ]
NOTIC: [2] Invalid argument supplied for foreach() D:\wamp\www\examples\OA\Apps\OA\Controller\ScheduleController.class.php 第 42 行.
NOTIC: [8] Undefined variable: data D:\wamp\www\examples\OA\Apps\OA\Controller\ScheduleController.class.php 第 53 行.

[ 2014-12-25T08:44:50+08:00 ] 127.0.0.1 /examples/OA/Schedule/getEvents/id/3.html?start=2014-12-01&end=2015-01-12&_=1419468290386
INFO: [ app_init ] --START--
INFO: Run Behavior\BuildLiteBehavior [ RunTime:0.001000s ]
INFO: [ app_init ] --END-- [ RunTime:0.003000s ]
INFO: [ app_begin ] --START--
INFO: Run Behavior\ReadHtmlCacheBehavior [ RunTime:0.002000s ]
INFO: [ app_begin ] --END-- [ RunTime:0.002000s ]
SQL: SHOW COLUMNS FROM `oa_schedule` [ RunTime:0.004000s ]
SQL: SHOW COLUMNS FROM `oa_schedule` [ RunTime:0.005001s ]
SQL: SELECT a.id,a.title,a.begin_time as start,a.end_time as end,a.is_allday as allDay,b.calendar_color as color FROM oa_schedule a LEFT JOIN oa_user b on a.user_id = b.id  WHERE a.user_id = '3' ORDER BY a.begin_time asc  [ RunTime:0.000000s ]

[ 2014-12-25T08:44:50+08:00 ] 127.0.0.1 /examples/OA/Schedule/getEvents/id/9.html?start=2014-12-01&end=2015-01-12&_=1419468290387
INFO: [ app_init ] --START--
INFO: Run Behavior\BuildLiteBehavior [ RunTime:0.001000s ]
INFO: [ app_init ] --END-- [ RunTime:0.003000s ]
INFO: [ app_begin ] --START--
INFO: Run Behavior\ReadHtmlCacheBehavior [ RunTime:0.001000s ]
INFO: [ app_begin ] --END-- [ RunTime:0.001000s ]
SQL: SHOW COLUMNS FROM `oa_schedule` [ RunTime:0.004000s ]
SQL: SHOW COLUMNS FROM `oa_schedule` [ RunTime:0.004000s ]
SQL: SELECT a.id,a.title,a.begin_time as start,a.end_time as end,a.is_allday as allDay,b.calendar_color as color FROM oa_schedule a LEFT JOIN oa_user b on a.user_id = b.id  WHERE a.user_id = '9' ORDER BY a.begin_time asc  [ RunTime:0.000000s ]

[ 2014-12-25T08:44:50+08:00 ] 127.0.0.1 /examples/OA/Schedule/getEvents/id/5.html?start=2014-12-01&end=2015-01-12&_=1419468290390
INFO: [ app_init ] --START--
INFO: Run Behavior\BuildLiteBehavior [ RunTime:0.000000s ]
INFO: [ app_init ] --END-- [ RunTime:0.001000s ]
INFO: [ app_begin ] --START--
INFO: Run Behavior\ReadHtmlCacheBehavior [ RunTime:0.001000s ]
INFO: [ app_begin ] --END-- [ RunTime:0.002000s ]
SQL: SHOW COLUMNS FROM `oa_schedule` [ RunTime:0.004000s ]
SQL: SHOW COLUMNS FROM `oa_schedule` [ RunTime:0.004000s ]
SQL: SELECT a.id,a.title,a.begin_time as start,a.end_time as end,a.is_allday as allDay,b.calendar_color as color FROM oa_schedule a LEFT JOIN oa_user b on a.user_id = b.id  WHERE a.user_id = '5' ORDER BY a.begin_time asc  [ RunTime:0.000000s ]
NOTIC: [2] Invalid argument supplied for foreach() D:\wamp\www\examples\OA\Apps\OA\Controller\ScheduleController.class.php 第 42 行.
NOTIC: [8] Undefined variable: data D:\wamp\www\examples\OA\Apps\OA\Controller\ScheduleController.class.php 第 53 行.

[ 2014-12-25T08:44:53+08:00 ] 127.0.0.1 /examples/OA/Schedule/personalCalendar.html
INFO: [ app_init ] --START--
INFO: Run Behavior\BuildLiteBehavior [ RunTime:0.000000s ]
INFO: [ app_init ] --END-- [ RunTime:0.000000s ]
INFO: [ app_begin ] --START--
INFO: Run Behavior\ReadHtmlCacheBehavior [ RunTime:0.001000s ]
INFO: [ app_begin ] --END-- [ RunTime:0.001000s ]
INFO: [ view_parse ] --START--
INFO: [ template_filter ] --START--
INFO: Run Behavior\ContentReplaceBehavior [ RunTime:0.000000s ]
INFO: [ template_filter ] --END-- [ RunTime:0.000000s ]
NOTIC: [2] in_array() expects parameter 2 to be array, null given D:\wamp\www\examples\OA\Apps\Common\Common\function.php 第 35 行.
SQL: SHOW COLUMNS FROM `oa_group_access` [ RunTime:0.006001s ]
SQL: SELECT `rules` FROM oa_group_access a INNER JOIN oa_group g on a.group_id=g.id  WHERE ( a.uid='13' and g.status='1' )  [ RunTime:0.000000s ]
SQL: SHOW COLUMNS FROM `oa_rule` [ RunTime:0.005000s ]
SQL: SELECT `condition`,`name` FROM `oa_rule` WHERE `id` IN ('1','2') AND `type` = 1 AND `status` = 1  [ RunTime:0.000000s ]
NOTIC: [2] in_array() expects parameter 2 to be array, null given D:\wamp\www\examples\OA\Apps\Common\Common\function.php 第 35 行.
INFO: Run Behavior\ParseTemplateBehavior [ RunTime:0.079004s ]
INFO: [ view_parse ] --END-- [ RunTime:0.079004s ]
INFO: [ view_filter ] --START--
INFO: Run Behavior\WriteHtmlCacheBehavior [ RunTime:0.000000s ]
INFO: [ view_filter ] --END-- [ RunTime:0.000000s ]
INFO: [ app_end ] --START--
INFO: Run Behavior\ShowPageTraceBehavior [ RunTime:0.001000s ]
INFO: [ app_end ] --END-- [ RunTime:0.001000s ]

[ 2014-12-25T08:44:53+08:00 ] 127.0.0.1 /examples/OA/Schedule/getEvents/id/13.html?start=2014-12-01&end=2015-01-12&_=1419468293500
INFO: [ app_init ] --START--
INFO: Run Behavior\BuildLiteBehavior [ RunTime:0.000000s ]
INFO: [ app_init ] --END-- [ RunTime:0.002000s ]
INFO: [ app_begin ] --START--
INFO: Run Behavior\ReadHtmlCacheBehavior [ RunTime:0.002000s ]
INFO: [ app_begin ] --END-- [ RunTime:0.003000s ]
SQL: SHOW COLUMNS FROM `oa_schedule` [ RunTime:0.004000s ]
SQL: SHOW COLUMNS FROM `oa_schedule` [ RunTime:0.007000s ]
SQL: SELECT a.id,a.title,a.begin_time as start,a.end_time as end,a.is_allday as allDay,b.calendar_color as color FROM oa_schedule a LEFT JOIN oa_user b on a.user_id = b.id  WHERE a.user_id = '13' ORDER BY a.begin_time asc  [ RunTime:0.000000s ]
NOTIC: [2] Invalid argument supplied for foreach() D:\wamp\www\examples\OA\Apps\OA\Controller\ScheduleController.class.php 第 42 行.
NOTIC: [8] Undefined variable: data D:\wamp\www\examples\OA\Apps\OA\Controller\ScheduleController.class.php 第 53 行.

[ 2014-12-25T08:44:56+08:00 ] 127.0.0.1 /examples/OA/Schedule/addLeaderCalendar.html
INFO: [ app_init ] --START--
INFO: Run Behavior\BuildLiteBehavior [ RunTime:0.000000s ]
INFO: [ app_init ] --END-- [ RunTime:0.001000s ]
INFO: [ app_begin ] --START--
INFO: Run Behavior\ReadHtmlCacheBehavior [ RunTime:0.001000s ]
INFO: [ app_begin ] --END-- [ RunTime:0.001000s ]
SQL: SHOW COLUMNS FROM `oa_user` [ RunTime:0.005001s ]
NOTIC: [2] in_array() expects parameter 2 to be array, null given D:\wamp\www\examples\OA\Apps\Common\Common\function.php 第 35 行.
SQL: SHOW COLUMNS FROM `oa_group_access` [ RunTime:0.005000s ]
SQL: SELECT `rules` FROM oa_group_access a INNER JOIN oa_group g on a.group_id=g.id  WHERE ( a.uid='13' and g.status='1' )  [ RunTime:0.000000s ]
SQL: SHOW COLUMNS FROM `oa_rule` [ RunTime:0.004000s ]
SQL: SELECT `condition`,`name` FROM `oa_rule` WHERE `id` IN ('1','2') AND `type` = 1 AND `status` = 1  [ RunTime:0.001000s ]
SQL: SHOW COLUMNS FROM `oa_user` [ RunTime:0.006001s ]
SQL: SELECT a.id,a.username,a.last_name,a.first_name,a.calendar_color FROM oa_user a LEFT JOIN oa_department b on a.department_id = b.id  WHERE b.name = '委领导'  [ RunTime:0.001000s ]
SQL: SHOW COLUMNS FROM `oa_department` [ RunTime:0.004000s ]
SQL: SELECT b.id,b.username,b.last_name,b.first_name,b.calendar_color FROM oa_department a LEFT JOIN oa_user b on a.leader_id = b.id  WHERE a.id <> 1  [ RunTime:0.001000s ]
NOTIC: [2] in_array() expects parameter 2 to be array, null given D:\wamp\www\examples\OA\Apps\Common\Common\function.php 第 35 行.
INFO: [ view_parse ] --START--
INFO: [ template_filter ] --START--
INFO: Run Behavior\ContentReplaceBehavior [ RunTime:0.000000s ]
INFO: [ template_filter ] --END-- [ RunTime:0.000000s ]
NOTIC: [2] in_array() expects parameter 2 to be array, null given D:\wamp\www\examples\OA\Apps\Common\Common\function.php 第 35 行.
NOTIC: [2] in_array() expects parameter 2 to be array, null given D:\wamp\www\examples\OA\Apps\Common\Common\function.php 第 35 行.
NOTIC: [8] Undefined variable: departLeader D:\wamp\www\examples\OA\Apps\Runtime\Cache\OA\a74d04dee496614403945c7dd0e7a95d.php 第 939 行.
NOTIC: [8] Undefined variable: departLeader D:\wamp\www\examples\OA\Apps\Runtime\Cache\OA\a74d04dee496614403945c7dd0e7a95d.php 第 941 行.
INFO: Run Behavior\ParseTemplateBehavior [ RunTime:0.060004s ]
INFO: [ view_parse ] --END-- [ RunTime:0.060004s ]
INFO: [ view_filter ] --START--
INFO: Run Behavior\WriteHtmlCacheBehavior [ RunTime:0.000000s ]
INFO: [ view_filter ] --END-- [ RunTime:0.001000s ]
INFO: [ app_end ] --START--
INFO: Run Behavior\ShowPageTraceBehavior [ RunTime:0.001000s ]
INFO: [ app_end ] --END-- [ RunTime:0.001000s ]

[ 2014-12-25T08:44:57+08:00 ] 127.0.0.1 /examples/OA/Schedule/getEvents/id/1.html?start=2014-12-01&end=2015-01-12&_=1419468297088
INFO: [ app_init ] --START--
INFO: Run Behavior\BuildLiteBehavior [ RunTime:0.001000s ]
INFO: [ app_init ] --END-- [ RunTime:0.001000s ]
INFO: [ app_begin ] --START--
INFO: Run Behavior\ReadHtmlCacheBehavior [ RunTime:0.001000s ]
INFO: [ app_begin ] --END-- [ RunTime:0.001000s ]
SQL: SHOW COLUMNS FROM `oa_schedule` [ RunTime:0.007000s ]
SQL: SHOW COLUMNS FROM `oa_schedule` [ RunTime:0.004001s ]
SQL: SELECT a.id,a.title,a.begin_time as start,a.end_time as end,a.is_allday as allDay,b.calendar_color as color FROM oa_schedule a LEFT JOIN oa_user b on a.user_id = b.id  WHERE a.user_id = '1' ORDER BY a.begin_time asc  [ RunTime:0.001000s ]

[ 2014-12-25T08:45:00+08:00 ] 127.0.0.1 /examples/OA/Schedule/getEvents/id/2.html?start=2014-12-01&end=2015-01-12&_=1419468297089
INFO: [ app_init ] --START--
INFO: Run Behavior\BuildLiteBehavior [ RunTime:0.000000s ]
INFO: [ app_init ] --END-- [ RunTime:0.000000s ]
INFO: [ app_begin ] --START--
INFO: Run Behavior\ReadHtmlCacheBehavior [ RunTime:0.001000s ]
INFO: [ app_begin ] --END-- [ RunTime:0.001000s ]
SQL: SHOW COLUMNS FROM `oa_schedule` [ RunTime:0.004000s ]
SQL: SHOW COLUMNS FROM `oa_schedule` [ RunTime:0.003000s ]
SQL: SELECT a.id,a.title,a.begin_time as start,a.end_time as end,a.is_allday as allDay,b.calendar_color as color FROM oa_schedule a LEFT JOIN oa_user b on a.user_id = b.id  WHERE a.user_id = '2' ORDER BY a.begin_time asc  [ RunTime:0.001000s ]

[ 2014-12-25T08:45:02+08:00 ] 127.0.0.1 /examples/OA/Schedule/getEvents/id/3.html?start=2014-12-01&end=2015-01-12&_=1419468297090
INFO: [ app_init ] --START--
INFO: Run Behavior\BuildLiteBehavior [ RunTime:0.000000s ]
INFO: [ app_init ] --END-- [ RunTime:0.000000s ]
INFO: [ app_begin ] --START--
INFO: Run Behavior\ReadHtmlCacheBehavior [ RunTime:0.001000s ]
INFO: [ app_begin ] --END-- [ RunTime:0.001000s ]
SQL: SHOW COLUMNS FROM `oa_schedule` [ RunTime:0.004000s ]
SQL: SHOW COLUMNS FROM `oa_schedule` [ RunTime:0.003000s ]
SQL: SELECT a.id,a.title,a.begin_time as start,a.end_time as end,a.is_allday as allDay,b.calendar_color as color FROM oa_schedule a LEFT JOIN oa_user b on a.user_id = b.id  WHERE a.user_id = '3' ORDER BY a.begin_time asc  [ RunTime:0.000000s ]

[ 2014-12-25T08:45:07+08:00 ] 127.0.0.1 /examples/OA/Schedule/getEvents/id/9.html?start=2014-12-01&end=2015-01-12&_=1419468297091
INFO: [ app_init ] --START--
INFO: Run Behavior\BuildLiteBehavior [ RunTime:0.000000s ]
INFO: [ app_init ] --END-- [ RunTime:0.000000s ]
INFO: [ app_begin ] --START--
INFO: Run Behavior\ReadHtmlCacheBehavior [ RunTime:0.001000s ]
INFO: [ app_begin ] --END-- [ RunTime:0.001000s ]
SQL: SHOW COLUMNS FROM `oa_schedule` [ RunTime:0.004001s ]
SQL: SHOW COLUMNS FROM `oa_schedule` [ RunTime:0.004000s ]
SQL: SELECT a.id,a.title,a.begin_time as start,a.end_time as end,a.is_allday as allDay,b.calendar_color as color FROM oa_schedule a LEFT JOIN oa_user b on a.user_id = b.id  WHERE a.user_id = '9' ORDER BY a.begin_time asc  [ RunTime:0.000000s ]

[ 2014-12-25T08:45:10+08:00 ] 127.0.0.1 /examples/OA/Schedule/getEvents/id/8.html?start=2014-12-01&end=2015-01-12&_=1419468297092
INFO: [ app_init ] --START--
INFO: Run Behavior\BuildLiteBehavior [ RunTime:0.000000s ]
INFO: [ app_init ] --END-- [ RunTime:0.001000s ]
INFO: [ app_begin ] --START--
INFO: Run Behavior\ReadHtmlCacheBehavior [ RunTime:0.000000s ]
INFO: [ app_begin ] --END-- [ RunTime:0.001000s ]
SQL: SHOW COLUMNS FROM `oa_schedule` [ RunTime:0.004000s ]
SQL: SHOW COLUMNS FROM `oa_schedule` [ RunTime:0.003000s ]
SQL: SELECT a.id,a.title,a.begin_time as start,a.end_time as end,a.is_allday as allDay,b.calendar_color as color FROM oa_schedule a LEFT JOIN oa_user b on a.user_id = b.id  WHERE a.user_id = '8' ORDER BY a.begin_time asc  [ RunTime:0.000000s ]

[ 2014-12-25T08:45:12+08:00 ] 127.0.0.1 /examples/OA/Schedule/getEvents/id/4.html?start=2014-12-01&end=2015-01-12&_=1419468297093
INFO: [ app_init ] --START--
INFO: Run Behavior\BuildLiteBehavior [ RunTime:0.001000s ]
INFO: [ app_init ] --END-- [ RunTime:0.001000s ]
INFO: [ app_begin ] --START--
INFO: Run Behavior\ReadHtmlCacheBehavior [ RunTime:0.001000s ]
INFO: [ app_begin ] --END-- [ RunTime:0.001000s ]
SQL: SHOW COLUMNS FROM `oa_schedule` [ RunTime:0.004000s ]
SQL: SHOW COLUMNS FROM `oa_schedule` [ RunTime:0.003001s ]
SQL: SELECT a.id,a.title,a.begin_time as start,a.end_time as end,a.is_allday as allDay,b.calendar_color as color FROM oa_schedule a LEFT JOIN oa_user b on a.user_id = b.id  WHERE a.user_id = '4' ORDER BY a.begin_time asc  [ RunTime:0.000000s ]
NOTIC: [2] Invalid argument supplied for foreach() D:\wamp\www\examples\OA\Apps\OA\Controller\ScheduleController.class.php 第 42 行.
NOTIC: [8] Undefined variable: data D:\wamp\www\examples\OA\Apps\OA\Controller\ScheduleController.class.php 第 53 行.

[ 2014-12-25T08:45:16+08:00 ] 127.0.0.1 /examples/OA/Schedule/getEvents/id/5.html?start=2014-12-01&end=2015-01-12&_=1419468297094
INFO: [ app_init ] --START--
INFO: Run Behavior\BuildLiteBehavior [ RunTime:0.000000s ]
INFO: [ app_init ] --END-- [ RunTime:0.000000s ]
INFO: [ app_begin ] --START--
INFO: Run Behavior\ReadHtmlCacheBehavior [ RunTime:0.001000s ]
INFO: [ app_begin ] --END-- [ RunTime:0.001000s ]
SQL: SHOW COLUMNS FROM `oa_schedule` [ RunTime:0.004000s ]
SQL: SHOW COLUMNS FROM `oa_schedule` [ RunTime:0.003000s ]
SQL: SELECT a.id,a.title,a.begin_time as start,a.end_time as end,a.is_allday as allDay,b.calendar_color as color FROM oa_schedule a LEFT JOIN oa_user b on a.user_id = b.id  WHERE a.user_id = '5' ORDER BY a.begin_time asc  [ RunTime:0.000000s ]
NOTIC: [2] Invalid argument supplied for foreach() D:\wamp\www\examples\OA\Apps\OA\Controller\ScheduleController.class.php 第 42 行.
NOTIC: [8] Undefined variable: data D:\wamp\www\examples\OA\Apps\OA\Controller\ScheduleController.class.php 第 53 行.

[ 2014-12-25T08:45:17+08:00 ] 127.0.0.1 /examples/OA/Schedule/getEvents/id/1.html?start=2014-12-01&end=2015-01-12&_=1419468297095
INFO: [ app_init ] --START--
INFO: Run Behavior\BuildLiteBehavior [ RunTime:0.000000s ]
INFO: [ app_init ] --END-- [ RunTime:0.001000s ]
INFO: [ app_begin ] --START--
INFO: Run Behavior\ReadHtmlCacheBehavior [ RunTime:0.001000s ]
INFO: [ app_begin ] --END-- [ RunTime:0.001000s ]
SQL: SHOW COLUMNS FROM `oa_schedule` [ RunTime:0.004001s ]
SQL: SHOW COLUMNS FROM `oa_schedule` [ RunTime:0.004000s ]
SQL: SELECT a.id,a.title,a.begin_time as start,a.end_time as end,a.is_allday as allDay,b.calendar_color as color FROM oa_schedule a LEFT JOIN oa_user b on a.user_id = b.id  WHERE a.user_id = '1' ORDER BY a.begin_time asc  [ RunTime:0.000000s ]

[ 2014-12-25T08:45:29+08:00 ] 127.0.0.1 /examples/OA/Schedule/getEvents/id/2.html?start=2014-12-01&end=2015-01-12&_=1419468297096
INFO: [ app_init ] --START--
INFO: Run Behavior\BuildLiteBehavior [ RunTime:0.000000s ]
INFO: [ app_init ] --END-- [ RunTime:0.001000s ]
INFO: [ app_begin ] --START--
INFO: Run Behavior\ReadHtmlCacheBehavior [ RunTime:0.000000s ]
INFO: [ app_begin ] --END-- [ RunTime:0.001000s ]
SQL: SHOW COLUMNS FROM `oa_schedule` [ RunTime:0.004000s ]
SQL: SHOW COLUMNS FROM `oa_schedule` [ RunTime:0.003000s ]
SQL: SELECT a.id,a.title,a.begin_time as start,a.end_time as end,a.is_allday as allDay,b.calendar_color as color FROM oa_schedule a LEFT JOIN oa_user b on a.user_id = b.id  WHERE a.user_id = '2' ORDER BY a.begin_time asc  [ RunTime:0.000000s ]

[ 2014-12-25T08:45:52+08:00 ] 127.0.0.1 /examples/OA/Schedule/leaderCalendar.html
INFO: [ app_init ] --START--
INFO: Run Behavior\BuildLiteBehavior [ RunTime:0.000000s ]
INFO: [ app_init ] --END-- [ RunTime:0.000000s ]
INFO: [ app_begin ] --START--
INFO: Run Behavior\ReadHtmlCacheBehavior [ RunTime:0.001000s ]
INFO: [ app_begin ] --END-- [ RunTime:0.001000s ]
SQL: SHOW COLUMNS FROM `oa_user` [ RunTime:0.005000s ]
SQL: SHOW COLUMNS FROM `oa_user` [ RunTime:0.005000s ]
SQL: SELECT a.id,a.username,a.last_name,a.first_name,a.calendar_color FROM oa_user a LEFT JOIN oa_department b on a.department_id = b.id  WHERE b.name = '委领导'  [ RunTime:0.001000s ]
SQL: SHOW COLUMNS FROM `oa_department` [ RunTime:0.004001s ]
SQL: SELECT b.id,b.username,b.last_name,b.first_name,b.calendar_color FROM oa_department a LEFT JOIN oa_user b on a.leader_id = b.id  WHERE a.id <> 1  [ RunTime:0.000000s ]
INFO: [ view_parse ] --START--
INFO: [ template_filter ] --START--
INFO: Run Behavior\ContentReplaceBehavior [ RunTime:0.001000s ]
INFO: [ template_filter ] --END-- [ RunTime:0.001000s ]
NOTIC: [2] in_array() expects parameter 2 to be array, null given D:\wamp\www\examples\OA\Apps\Common\Common\function.php 第 35 行.
SQL: SHOW COLUMNS FROM `oa_group_access` [ RunTime:0.003000s ]
SQL: SELECT `rules` FROM oa_group_access a INNER JOIN oa_group g on a.group_id=g.id  WHERE ( a.uid='13' and g.status='1' )  [ RunTime:0.000000s ]
SQL: SHOW COLUMNS FROM `oa_rule` [ RunTime:0.003000s ]
SQL: SELECT `condition`,`name` FROM `oa_rule` WHERE `id` IN ('1','2') AND `type` = 1 AND `status` = 1  [ RunTime:0.001000s ]
NOTIC: [2] in_array() expects parameter 2 to be array, null given D:\wamp\www\examples\OA\Apps\Common\Common\function.php 第 35 行.
INFO: Run Behavior\ParseTemplateBehavior [ RunTime:0.041002s ]
INFO: [ view_parse ] --END-- [ RunTime:0.041002s ]
INFO: [ view_filter ] --START--
INFO: Run Behavior\WriteHtmlCacheBehavior [ RunTime:0.001000s ]
INFO: [ view_filter ] --END-- [ RunTime:0.001000s ]
INFO: [ app_end ] --START--
INFO: Run Behavior\ShowPageTraceBehavior [ RunTime:0.001000s ]
INFO: [ app_end ] --END-- [ RunTime:0.001000s ]

[ 2014-12-25T08:45:52+08:00 ] 127.0.0.1 /examples/OA/Schedule/getEvents/id/1.html?start=2014-12-01&end=2015-01-12&_=1419468352481
INFO: [ app_init ] --START--
INFO: Run Behavior\BuildLiteBehavior [ RunTime:0.000000s ]
INFO: [ app_init ] --END-- [ RunTime:0.001000s ]
INFO: [ app_begin ] --START--
INFO: Run Behavior\ReadHtmlCacheBehavior [ RunTime:0.000000s ]
INFO: [ app_begin ] --END-- [ RunTime:0.001000s ]
SQL: SHOW COLUMNS FROM `oa_schedule` [ RunTime:0.006001s ]
SQL: SHOW COLUMNS FROM `oa_schedule` [ RunTime:0.006000s ]
SQL: SELECT a.id,a.title,a.begin_time as start,a.end_time as end,a.is_allday as allDay,b.calendar_color as color FROM oa_schedule a LEFT JOIN oa_user b on a.user_id = b.id  WHERE a.user_id = '1' ORDER BY a.begin_time asc  [ RunTime:0.001000s ]

[ 2014-12-25T08:45:52+08:00 ] 127.0.0.1 /examples/OA/Schedule/getEvents/id/4.html?start=2014-12-01&end=2015-01-12&_=1419468352486
INFO: [ app_init ] --START--
INFO: Run Behavior\BuildLiteBehavior [ RunTime:0.000000s ]
INFO: [ app_init ] --END-- [ RunTime:0.000000s ]
INFO: [ app_begin ] --START--
INFO: Run Behavior\ReadHtmlCacheBehavior [ RunTime:0.001000s ]
INFO: [ app_begin ] --END-- [ RunTime:0.001000s ]
SQL: SHOW COLUMNS FROM `oa_schedule` [ RunTime:0.006000s ]
SQL: SHOW COLUMNS FROM `oa_schedule` [ RunTime:0.005001s ]
SQL: SELECT a.id,a.title,a.begin_time as start,a.end_time as end,a.is_allday as allDay,b.calendar_color as color FROM oa_schedule a LEFT JOIN oa_user b on a.user_id = b.id  WHERE a.user_id = '4' ORDER BY a.begin_time asc  [ RunTime:0.001000s ]
NOTIC: [2] Invalid argument supplied for foreach() D:\wamp\www\examples\OA\Apps\OA\Controller\ScheduleController.class.php 第 42 行.
NOTIC: [8] Undefined variable: data D:\wamp\www\examples\OA\Apps\OA\Controller\ScheduleController.class.php 第 53 行.

[ 2014-12-25T08:45:52+08:00 ] 127.0.0.1 /examples/OA/Schedule/getEvents/id/3.html?start=2014-12-01&end=2015-01-12&_=1419468352483
INFO: [ app_init ] --START--
INFO: Run Behavior\BuildLiteBehavior [ RunTime:0.000000s ]
INFO: [ app_init ] --END-- [ RunTime:0.001000s ]
INFO: [ app_begin ] --START--
INFO: Run Behavior\ReadHtmlCacheBehavior [ RunTime:0.001000s ]
INFO: [ app_begin ] --END-- [ RunTime:0.001000s ]
SQL: SHOW COLUMNS FROM `oa_schedule` [ RunTime:0.003000s ]
SQL: SHOW COLUMNS FROM `oa_schedule` [ RunTime:0.005000s ]
SQL: SELECT a.id,a.title,a.begin_time as start,a.end_time as end,a.is_allday as allDay,b.calendar_color as color FROM oa_schedule a LEFT JOIN oa_user b on a.user_id = b.id  WHERE a.user_id = '3' ORDER BY a.begin_time asc  [ RunTime:0.002000s ]

[ 2014-12-25T08:45:52+08:00 ] 127.0.0.1 /examples/OA/Schedule/getEvents/id/2.html?start=2014-12-01&end=2015-01-12&_=1419468352482
INFO: [ app_init ] --START--
INFO: Run Behavior\BuildLiteBehavior [ RunTime:0.000000s ]
INFO: [ app_init ] --END-- [ RunTime:0.001000s ]
INFO: [ app_begin ] --START--
INFO: Run Behavior\ReadHtmlCacheBehavior [ RunTime:0.001000s ]
INFO: [ app_begin ] --END-- [ RunTime:0.002000s ]
SQL: SHOW COLUMNS FROM `oa_schedule` [ RunTime:0.005001s ]
SQL: SHOW COLUMNS FROM `oa_schedule` [ RunTime:0.004000s ]
SQL: SELECT a.id,a.title,a.begin_time as start,a.end_time as end,a.is_allday as allDay,b.calendar_color as color FROM oa_schedule a LEFT JOIN oa_user b on a.user_id = b.id  WHERE a.user_id = '2' ORDER BY a.begin_time asc  [ RunTime:0.001000s ]

[ 2014-12-25T08:45:53+08:00 ] 127.0.0.1 /examples/OA/Schedule/getEvents/id/9.html?start=2014-12-01&end=2015-01-12&_=1419468352484
INFO: [ app_init ] --START--
INFO: Run Behavior\BuildLiteBehavior [ RunTime:0.000000s ]
INFO: [ app_init ] --END-- [ RunTime:0.002000s ]
INFO: [ app_begin ] --START--
INFO: Run Behavior\ReadHtmlCacheBehavior [ RunTime:0.001000s ]
INFO: [ app_begin ] --END-- [ RunTime:0.006000s ]
SQL: SHOW COLUMNS FROM `oa_schedule` [ RunTime:0.004000s ]
SQL: SHOW COLUMNS FROM `oa_schedule` [ RunTime:0.004000s ]
SQL: SELECT a.id,a.title,a.begin_time as start,a.end_time as end,a.is_allday as allDay,b.calendar_color as color FROM oa_schedule a LEFT JOIN oa_user b on a.user_id = b.id  WHERE a.user_id = '9' ORDER BY a.begin_time asc  [ RunTime:0.001000s ]

[ 2014-12-25T08:45:53+08:00 ] 127.0.0.1 /examples/OA/Schedule/getEvents/id/8.html?start=2014-12-01&end=2015-01-12&_=1419468352485
INFO: [ app_init ] --START--
INFO: Run Behavior\BuildLiteBehavior [ RunTime:0.000000s ]
INFO: [ app_init ] --END-- [ RunTime:0.001001s ]
INFO: [ app_begin ] --START--
INFO: Run Behavior\ReadHtmlCacheBehavior [ RunTime:0.001000s ]
INFO: [ app_begin ] --END-- [ RunTime:0.001000s ]
SQL: SHOW COLUMNS FROM `oa_schedule` [ RunTime:0.004000s ]
SQL: SHOW COLUMNS FROM `oa_schedule` [ RunTime:0.003000s ]
SQL: SELECT a.id,a.title,a.begin_time as start,a.end_time as end,a.is_allday as allDay,b.calendar_color as color FROM oa_schedule a LEFT JOIN oa_user b on a.user_id = b.id  WHERE a.user_id = '8' ORDER BY a.begin_time asc  [ RunTime:0.000000s ]

[ 2014-12-25T08:45:53+08:00 ] 127.0.0.1 /examples/OA/Schedule/getEvents/id/5.html?start=2014-12-01&end=2015-01-12&_=1419468352487
INFO: [ app_init ] --START--
INFO: Run Behavior\BuildLiteBehavior [ RunTime:0.000000s ]
INFO: [ app_init ] --END-- [ RunTime:0.001000s ]
INFO: [ app_begin ] --START--
INFO: Run Behavior\ReadHtmlCacheBehavior [ RunTime:0.000000s ]
INFO: [ app_begin ] --END-- [ RunTime:0.002000s ]
SQL: SHOW COLUMNS FROM `oa_schedule` [ RunTime:0.004000s ]
SQL: SHOW COLUMNS FROM `oa_schedule` [ RunTime:0.004001s ]
SQL: SELECT a.id,a.title,a.begin_time as start,a.end_time as end,a.is_allday as allDay,b.calendar_color as color FROM oa_schedule a LEFT JOIN oa_user b on a.user_id = b.id  WHERE a.user_id = '5' ORDER BY a.begin_time asc  [ RunTime:0.001000s ]
NOTIC: [2] Invalid argument supplied for foreach() D:\wamp\www\examples\OA\Apps\OA\Controller\ScheduleController.class.php 第 42 行.
NOTIC: [8] Undefined variable: data D:\wamp\www\examples\OA\Apps\OA\Controller\ScheduleController.class.php 第 53 行.

[ 2014-12-25T08:46:04+08:00 ] 127.0.0.1 /examples/OA/Schedule/getEvents/id/3.html?start=2014-12-01&end=2015-01-12&_=1419468352488
INFO: [ app_init ] --START--
INFO: Run Behavior\BuildLiteBehavior [ RunTime:0.000000s ]
INFO: [ app_init ] --END-- [ RunTime:0.000000s ]
INFO: [ app_begin ] --START--
INFO: Run Behavior\ReadHtmlCacheBehavior [ RunTime:0.000000s ]
INFO: [ app_begin ] --END-- [ RunTime:0.000000s ]
SQL: SHOW COLUMNS FROM `oa_schedule` [ RunTime:0.000000s ]
SQL: SHOW COLUMNS FROM `oa_schedule` [ RunTime:0.000000s ]
SQL: SELECT a.id,a.title,a.begin_time as start,a.end_time as end,a.is_allday as allDay,b.calendar_color as color FROM oa_schedule a LEFT JOIN oa_user b on a.user_id = b.id  WHERE a.user_id = '3' ORDER BY a.begin_time asc  [ RunTime:0.000000s ]

[ 2014-12-25T08:46:05+08:00 ] 127.0.0.1 /examples/OA/Schedule/getEvents/id/2.html?start=2014-12-01&end=2015-01-12&_=1419468352489
INFO: [ app_init ] --START--
INFO: Run Behavior\BuildLiteBehavior [ RunTime:0.000000s ]
INFO: [ app_init ] --END-- [ RunTime:0.000000s ]
INFO: [ app_begin ] --START--
INFO: Run Behavior\ReadHtmlCacheBehavior [ RunTime:0.000000s ]
INFO: [ app_begin ] --END-- [ RunTime:0.000000s ]
SQL: SHOW COLUMNS FROM `oa_schedule` [ RunTime:0.000000s ]
SQL: SHOW COLUMNS FROM `oa_schedule` [ RunTime:0.000000s ]
SQL: SELECT a.id,a.title,a.begin_time as start,a.end_time as end,a.is_allday as allDay,b.calendar_color as color FROM oa_schedule a LEFT JOIN oa_user b on a.user_id = b.id  WHERE a.user_id = '2' ORDER BY a.begin_time asc  [ RunTime:0.000000s ]

[ 2014-12-25T08:46:06+08:00 ] 127.0.0.1 /examples/OA/Schedule/getEvents/id/9.html?start=2014-12-01&end=2015-01-12&_=1419468352490
INFO: [ app_init ] --START--
INFO: Run Behavior\BuildLiteBehavior [ RunTime:0.000000s ]
INFO: [ app_init ] --END-- [ RunTime:0.000000s ]
INFO: [ app_begin ] --START--
INFO: Run Behavior\ReadHtmlCacheBehavior [ RunTime:0.000000s ]
INFO: [ app_begin ] --END-- [ RunTime:0.000000s ]
SQL: SHOW COLUMNS FROM `oa_schedule` [ RunTime:0.000000s ]
SQL: SHOW COLUMNS FROM `oa_schedule` [ RunTime:0.000000s ]
SQL: SELECT a.id,a.title,a.begin_time as start,a.end_time as end,a.is_allday as allDay,b.calendar_color as color FROM oa_schedule a LEFT JOIN oa_user b on a.user_id = b.id  WHERE a.user_id = '9' ORDER BY a.begin_time asc  [ RunTime:0.000000s ]

[ 2014-12-25T08:46:09+08:00 ] 127.0.0.1 /examples/OA/Schedule/getEvents/id/1.html?start=2014-12-01&end=2015-01-12&_=1419468352491
INFO: [ app_init ] --START--
INFO: Run Behavior\BuildLiteBehavior [ RunTime:0.000000s ]
INFO: [ app_init ] --END-- [ RunTime:0.000000s ]
INFO: [ app_begin ] --START--
INFO: Run Behavior\ReadHtmlCacheBehavior [ RunTime:0.000000s ]
INFO: [ app_begin ] --END-- [ RunTime:0.000000s ]
SQL: SHOW COLUMNS FROM `oa_schedule` [ RunTime:0.000000s ]
SQL: SHOW COLUMNS FROM `oa_schedule` [ RunTime:0.000000s ]
SQL: SELECT a.id,a.title,a.begin_time as start,a.end_time as end,a.is_allday as allDay,b.calendar_color as color FROM oa_schedule a LEFT JOIN oa_user b on a.user_id = b.id  WHERE a.user_id = '1' ORDER BY a.begin_time asc  [ RunTime:0.000000s ]

[ 2014-12-25T08:47:28+08:00 ] 127.0.0.1 /examples/OA/Schedule/addLeaderCalendar.html
INFO: [ app_init ] --START--
INFO: Run Behavior\BuildLiteBehavior [ RunTime:0.000000s ]
INFO: [ app_init ] --END-- [ RunTime:0.001000s ]
INFO: [ app_begin ] --START--
INFO: Run Behavior\ReadHtmlCacheBehavior [ RunTime:0.001000s ]
INFO: [ app_begin ] --END-- [ RunTime:0.001000s ]
SQL: SHOW COLUMNS FROM `oa_user` [ RunTime:0.004001s ]
NOTIC: [2] in_array() expects parameter 2 to be array, null given D:\wamp\www\examples\OA\Apps\Common\Common\function.php 第 35 行.
SQL: SHOW COLUMNS FROM `oa_group_access` [ RunTime:0.005000s ]
SQL: SELECT `rules` FROM oa_group_access a INNER JOIN oa_group g on a.group_id=g.id  WHERE ( a.uid='13' and g.status='1' )  [ RunTime:0.000000s ]
SQL: SHOW COLUMNS FROM `oa_rule` [ RunTime:0.004000s ]
SQL: SELECT `condition`,`name` FROM `oa_rule` WHERE `id` IN ('1','2') AND `type` = 1 AND `status` = 1  [ RunTime:0.001000s ]
SQL: SHOW COLUMNS FROM `oa_user` [ RunTime:0.004001s ]
SQL: SELECT a.id,a.username,a.last_name,a.first_name,a.calendar_color FROM oa_user a LEFT JOIN oa_department b on a.department_id = b.id  WHERE b.name = '委领导'  [ RunTime:0.000000s ]
SQL: SHOW COLUMNS FROM `oa_department` [ RunTime:0.004000s ]
SQL: SELECT b.id,b.username,b.last_name,b.first_name,b.calendar_color FROM oa_department a LEFT JOIN oa_user b on a.leader_id = b.id  WHERE a.id <> 1  [ RunTime:0.000000s ]
NOTIC: [2] in_array() expects parameter 2 to be array, null given D:\wamp\www\examples\OA\Apps\Common\Common\function.php 第 35 行.
INFO: [ view_parse ] --START--
INFO: [ template_filter ] --START--
INFO: Run Behavior\ContentReplaceBehavior [ RunTime:0.000000s ]
INFO: [ template_filter ] --END-- [ RunTime:0.001000s ]
NOTIC: [2] in_array() expects parameter 2 to be array, null given D:\wamp\www\examples\OA\Apps\Common\Common\function.php 第 35 行.
NOTIC: [2] in_array() expects parameter 2 to be array, null given D:\wamp\www\examples\OA\Apps\Common\Common\function.php 第 35 行.
NOTIC: [8] Undefined variable: departLeader D:\wamp\www\examples\OA\Apps\Runtime\Cache\OA\a74d04dee496614403945c7dd0e7a95d.php 第 939 行.
NOTIC: [8] Undefined variable: departLeader D:\wamp\www\examples\OA\Apps\Runtime\Cache\OA\a74d04dee496614403945c7dd0e7a95d.php 第 941 行.
INFO: Run Behavior\ParseTemplateBehavior [ RunTime:0.033002s ]
INFO: [ view_parse ] --END-- [ RunTime:0.033002s ]
INFO: [ view_filter ] --START--
INFO: Run Behavior\WriteHtmlCacheBehavior [ RunTime:0.001000s ]
INFO: [ view_filter ] --END-- [ RunTime:0.001000s ]
INFO: [ app_end ] --START--
INFO: Run Behavior\ShowPageTraceBehavior [ RunTime:0.001000s ]
INFO: [ app_end ] --END-- [ RunTime:0.001000s ]

[ 2014-12-25T08:47:29+08:00 ] 127.0.0.1 /examples/OA/Schedule/getEvents/id/1.html?start=2014-12-01&end=2015-01-12&_=1419468448805
INFO: [ app_init ] --START--
INFO: Run Behavior\BuildLiteBehavior [ RunTime:0.000000s ]
INFO: [ app_init ] --END-- [ RunTime:0.001000s ]
INFO: [ app_begin ] --START--
INFO: Run Behavior\ReadHtmlCacheBehavior [ RunTime:0.001000s ]
INFO: [ app_begin ] --END-- [ RunTime:0.001000s ]
SQL: SHOW COLUMNS FROM `oa_schedule` [ RunTime:0.006001s ]
SQL: SHOW COLUMNS FROM `oa_schedule` [ RunTime:0.005000s ]
SQL: SELECT a.id,a.title,a.begin_time as start,a.end_time as end,a.is_allday as allDay,b.calendar_color as color FROM oa_schedule a LEFT JOIN oa_user b on a.user_id = b.id  WHERE a.user_id = '1' ORDER BY a.begin_time asc  [ RunTime:0.000000s ]

[ 2014-12-25T08:47:34+08:00 ] 127.0.0.1 /examples/OA/Schedule/getEvents/id/3.html?start=2014-12-01&end=2015-01-12&_=1419468448806
INFO: [ app_init ] --START--
INFO: Run Behavior\BuildLiteBehavior [ RunTime:0.000000s ]
INFO: [ app_init ] --END-- [ RunTime:0.000000s ]
INFO: [ app_begin ] --START--
INFO: Run Behavior\ReadHtmlCacheBehavior [ RunTime:0.001000s ]
INFO: [ app_begin ] --END-- [ RunTime:0.001000s ]
SQL: SHOW COLUMNS FROM `oa_schedule` [ RunTime:0.004001s ]
SQL: SHOW COLUMNS FROM `oa_schedule` [ RunTime:0.004000s ]
SQL: SELECT a.id,a.title,a.begin_time as start,a.end_time as end,a.is_allday as allDay,b.calendar_color as color FROM oa_schedule a LEFT JOIN oa_user b on a.user_id = b.id  WHERE a.user_id = '3' ORDER BY a.begin_time asc  [ RunTime:0.000000s ]

[ 2014-12-25T12:59:04+08:00 ] 127.0.0.1 /examples/OA/Schedule/getEvents/id/2.html?start=2014-12-01&end=2015-01-12&_=1419468448807
INFO: [ app_init ] --START--
INFO: Run Behavior\BuildLiteBehavior [ RunTime:0.001000s ]
INFO: [ app_init ] --END-- [ RunTime:0.002000s ]
INFO: [ app_begin ] --START--
INFO: Run Behavior\ReadHtmlCacheBehavior [ RunTime:0.001000s ]
INFO: [ app_begin ] --END-- [ RunTime:0.001000s ]
SQL: SHOW COLUMNS FROM `oa_schedule` [ RunTime:0.012001s ]
SQL: SHOW COLUMNS FROM `oa_schedule` [ RunTime:0.004000s ]
SQL: SELECT a.id,a.title,a.begin_time as start,a.end_time as end,a.is_allday as allDay,b.calendar_color as color FROM oa_schedule a LEFT JOIN oa_user b on a.user_id = b.id  WHERE a.user_id = '2' ORDER BY a.begin_time asc  [ RunTime:0.007000s ]

[ 2014-12-25T12:59:07+08:00 ] 127.0.0.1 /examples/OA/Schedule/getEvents/id/8.html?start=2014-12-01&end=2015-01-12&_=1419468448808
INFO: [ app_init ] --START--
INFO: Run Behavior\BuildLiteBehavior [ RunTime:0.000000s ]
INFO: [ app_init ] --END-- [ RunTime:0.000000s ]
INFO: [ app_begin ] --START--
INFO: Run Behavior\ReadHtmlCacheBehavior [ RunTime:0.001000s ]
INFO: [ app_begin ] --END-- [ RunTime:0.001000s ]
SQL: SHOW COLUMNS FROM `oa_schedule` [ RunTime:0.004000s ]
SQL: SHOW COLUMNS FROM `oa_schedule` [ RunTime:0.004000s ]
SQL: SELECT a.id,a.title,a.begin_time as start,a.end_time as end,a.is_allday as allDay,b.calendar_color as color FROM oa_schedule a LEFT JOIN oa_user b on a.user_id = b.id  WHERE a.user_id = '8' ORDER BY a.begin_time asc  [ RunTime:0.000000s ]

[ 2014-12-25T14:04:53+08:00 ] 127.0.0.1 /examples/OA/Schedule/personalCalendar.html
INFO: [ app_init ] --START--
INFO: Run Behavior\BuildLiteBehavior [ RunTime:0.000000s ]
INFO: [ app_init ] --END-- [ RunTime:0.000000s ]
INFO: [ app_begin ] --START--
INFO: Run Behavior\ReadHtmlCacheBehavior [ RunTime:0.015600s ]
INFO: [ app_begin ] --END-- [ RunTime:0.015600s ]
INFO: [ view_parse ] --START--
INFO: [ template_filter ] --START--
INFO: Run Behavior\ContentReplaceBehavior [ RunTime:0.015600s ]
INFO: [ template_filter ] --END-- [ RunTime:0.015600s ]
NOTIC: [2] in_array() expects parameter 2 to be array, null given D:\wamp\www\examples\OA\Apps\Common\Common\function.php 第 35 行.
SQL: SHOW COLUMNS FROM `oa_group_access` [ RunTime:0.000000s ]
SQL: SELECT `rules` FROM oa_group_access a INNER JOIN oa_group g on a.group_id=g.id  WHERE ( a.uid='13' and g.status='1' )  [ RunTime:0.015600s ]
SQL: SHOW COLUMNS FROM `oa_rule` [ RunTime:0.000000s ]
SQL: SELECT `condition`,`name` FROM `oa_rule` WHERE `id` IN ('1','2') AND `type` = 1 AND `status` = 1  [ RunTime:0.000000s ]
NOTIC: [2] in_array() expects parameter 2 to be array, null given D:\wamp\www\examples\OA\Apps\Common\Common\function.php 第 35 行.
INFO: Run Behavior\ParseTemplateBehavior [ RunTime:0.249601s ]
INFO: [ view_parse ] --END-- [ RunTime:0.249601s ]
INFO: [ view_filter ] --START--
INFO: Run Behavior\WriteHtmlCacheBehavior [ RunTime:0.031200s ]
INFO: [ view_filter ] --END-- [ RunTime:0.031200s ]
INFO: [ app_end ] --START--
INFO: Run Behavior\ShowPageTraceBehavior [ RunTime:0.015600s ]
INFO: [ app_end ] --END-- [ RunTime:0.015600s ]

[ 2014-12-25T14:04:54+08:00 ] 127.0.0.1 /examples/OA/Schedule/getEvents/id/13.html?start=2014-12-01&end=2015-01-12&_=1419487493607
INFO: [ app_init ] --START--
INFO: Run Behavior\BuildLiteBehavior [ RunTime:0.000000s ]
INFO: [ app_init ] --END-- [ RunTime:0.000000s ]
INFO: [ app_begin ] --START--
INFO: Run Behavior\ReadHtmlCacheBehavior [ RunTime:0.000000s ]
INFO: [ app_begin ] --END-- [ RunTime:0.000000s ]
SQL: SHOW COLUMNS FROM `oa_schedule` [ RunTime:0.000000s ]
SQL: SHOW COLUMNS FROM `oa_schedule` [ RunTime:0.000000s ]
SQL: SELECT a.id,a.title,a.begin_time as start,a.end_time as end,a.is_allday as allDay,b.calendar_color as color FROM oa_schedule a LEFT JOIN oa_user b on a.user_id = b.id  WHERE a.user_id = '13' ORDER BY a.begin_time asc  [ RunTime:0.000000s ]
NOTIC: [2] Invalid argument supplied for foreach() D:\wamp\www\examples\OA\Apps\OA\Controller\ScheduleController.class.php 第 42 行.
NOTIC: [8] Undefined variable: data D:\wamp\www\examples\OA\Apps\OA\Controller\ScheduleController.class.php 第 53 行.

[ 2014-12-25T14:17:56+08:00 ] 127.0.0.1 /examples/OA/Index/main.html
INFO: [ app_init ] --START--
INFO: Run Behavior\BuildLiteBehavior [ RunTime:0.000000s ]
INFO: [ app_init ] --END-- [ RunTime:0.000000s ]
INFO: [ app_begin ] --START--
INFO: Run Behavior\ReadHtmlCacheBehavior [ RunTime:0.000000s ]
INFO: [ app_begin ] --END-- [ RunTime:0.000000s ]
SQL: SHOW COLUMNS FROM `oa_saying` [ RunTime:0.015600s ]
SQL: SELECT MIN(id) AS tp_min FROM `oa_saying` LIMIT 1   [ RunTime:0.015600s ]
SQL: SELECT MAX(id) AS tp_max FROM `oa_saying` LIMIT 1   [ RunTime:0.000000s ]
SQL: SELECT `content` FROM `oa_saying` WHERE `id` = 8 LIMIT 1   [ RunTime:0.000000s ]
SQL: SHOW COLUMNS FROM `oa_schedule` [ RunTime:0.000000s ]
SQL: SHOW COLUMNS FROM `oa_user` [ RunTime:0.015600s ]
SQL: SHOW COLUMNS FROM `oa_user` [ RunTime:0.000000s ]
SQL: SELECT a.id,a.username,a.last_name,a.first_name,a.calendar_color FROM oa_user a LEFT JOIN oa_department b on a.department_id = b.id  WHERE b.name = '委领导'  [ RunTime:0.000000s ]
SQL: SHOW COLUMNS FROM `oa_department` [ RunTime:0.000000s ]
SQL: SELECT b.id,b.username,b.last_name,b.first_name,b.calendar_color FROM oa_department a LEFT JOIN oa_user b on a.leader_id = b.id  WHERE a.id <> 1  [ RunTime:0.000000s ]
SQL: SHOW COLUMNS FROM `oa_schedule` [ RunTime:0.015600s ]
SQL: SELECT a.id,a.title,a.begin_time as start,a.end_time as end,a.is_allday as allDay,b.calendar_color as color FROM oa_schedule a LEFT JOIN oa_user b on a.user_id = b.id  WHERE a.user_id = '1' AND a.begin_time BETWEEN '2014-12-25 00:00' AND '2014-12-25 23:59' ORDER BY a.begin_time asc  [ RunTime:0.000000s ]
SQL: SHOW COLUMNS FROM `oa_schedule` [ RunTime:0.000000s ]
SQL: SELECT a.id,a.title,a.begin_time as start,a.end_time as end,a.is_allday as allDay,b.calendar_color as color FROM oa_schedule a LEFT JOIN oa_user b on a.user_id = b.id  WHERE a.user_id = '2' AND a.begin_time BETWEEN '2014-12-25 00:00' AND '2014-12-25 23:59' ORDER BY a.begin_time asc  [ RunTime:0.000000s ]
SQL: SHOW COLUMNS FROM `oa_schedule` [ RunTime:0.000000s ]
SQL: SELECT a.id,a.title,a.begin_time as start,a.end_time as end,a.is_allday as allDay,b.calendar_color as color FROM oa_schedule a LEFT JOIN oa_user b on a.user_id = b.id  WHERE a.user_id = '3' AND a.begin_time BETWEEN '2014-12-25 00:00' AND '2014-12-25 23:59' ORDER BY a.begin_time asc  [ RunTime:0.000000s ]
SQL: SHOW COLUMNS FROM `oa_schedule` [ RunTime:0.000000s ]
SQL: SELECT a.id,a.title,a.begin_time as start,a.end_time as end,a.is_allday as allDay,b.calendar_color as color FROM oa_schedule a LEFT JOIN oa_user b on a.user_id = b.id  WHERE a.user_id = '9' AND a.begin_time BETWEEN '2014-12-25 00:00' AND '2014-12-25 23:59' ORDER BY a.begin_time asc  [ RunTime:0.000000s ]
SQL: SHOW COLUMNS FROM `oa_schedule` [ RunTime:0.015600s ]
SQL: SELECT a.id,a.title,a.begin_time as start,a.end_time as end,a.is_allday as allDay,b.calendar_color as color FROM oa_schedule a LEFT JOIN oa_user b on a.user_id = b.id  WHERE a.user_id = '8' AND a.begin_time BETWEEN '2014-12-25 00:00' AND '2014-12-25 23:59' ORDER BY a.begin_time asc  [ RunTime:0.000000s ]
SQL: SHOW COLUMNS FROM `oa_schedule` [ RunTime:0.000000s ]
SQL: SELECT a.id,a.title,a.begin_time as start,a.end_time as end,a.is_allday as allDay,b.calendar_color as color FROM oa_schedule a LEFT JOIN oa_user b on a.user_id = b.id  WHERE a.user_id = '4' AND a.begin_time BETWEEN '2014-12-25 00:00' AND '2014-12-25 23:59' ORDER BY a.begin_time asc  [ RunTime:0.000000s ]
SQL: SHOW COLUMNS FROM `oa_schedule` [ RunTime:0.000000s ]
SQL: SELECT a.id,a.title,a.begin_time as start,a.end_time as end,a.is_allday as allDay,b.calendar_color as color FROM oa_schedule a LEFT JOIN oa_user b on a.user_id = b.id  WHERE a.user_id = '5' AND a.begin_time BETWEEN '2014-12-25 00:00' AND '2014-12-25 23:59' ORDER BY a.begin_time asc  [ RunTime:0.000000s ]
INFO: [ view_parse ] --START--
INFO: [ template_filter ] --START--
INFO: Run Behavior\ContentReplaceBehavior [ RunTime:0.000000s ]
INFO: [ template_filter ] --END-- [ RunTime:0.000000s ]
NOTIC: [2] in_array() expects parameter 2 to be array, null given D:\wamp\www\examples\OA\Apps\Common\Common\function.php 第 35 行.
SQL: SHOW COLUMNS FROM `oa_group_access` [ RunTime:0.000000s ]
SQL: SELECT `rules` FROM oa_group_access a INNER JOIN oa_group g on a.group_id=g.id  WHERE ( a.uid='13' and g.status='1' )  [ RunTime:0.000000s ]
SQL: SHOW COLUMNS FROM `oa_rule` [ RunTime:0.015600s ]
SQL: SELECT `condition`,`name` FROM `oa_rule` WHERE `id` IN ('1','2') AND `type` = 1 AND `status` = 1  [ RunTime:0.000000s ]
NOTIC: [2] in_array() expects parameter 2 to be array, null given D:\wamp\www\examples\OA\Apps\Common\Common\function.php 第 35 行.
INFO: Run Behavior\ParseTemplateBehavior [ RunTime:0.078000s ]
INFO: [ view_parse ] --END-- [ RunTime:0.078000s ]
INFO: [ view_filter ] --START--
INFO: Run Behavior\WriteHtmlCacheBehavior [ RunTime:0.000000s ]
INFO: [ view_filter ] --END-- [ RunTime:0.000000s ]
INFO: [ app_end ] --START--
INFO: Run Behavior\ShowPageTraceBehavior [ RunTime:0.000000s ]
INFO: [ app_end ] --END-- [ RunTime:0.000000s ]

[ 2014-12-25T16:09:10+08:00 ] 127.0.0.1 /examples/OA/Index/logout.html
INFO: [ app_init ] --START--
INFO: Run Behavior\BuildLiteBehavior [ RunTime:0.000000s ]
INFO: [ app_init ] --END-- [ RunTime:0.000000s ]
INFO: [ app_begin ] --START--
INFO: Run Behavior\ReadHtmlCacheBehavior [ RunTime:0.000000s ]
INFO: [ app_begin ] --END-- [ RunTime:0.000000s ]
SQL: SHOW COLUMNS FROM `oa_user` [ RunTime:0.015600s ]
SQL: SELECT * FROM `oa_user` WHERE `id` = 13 LIMIT 1   [ RunTime:0.015600s ]
SQL: UPDATE `oa_user` SET `username`='zengk',`password`='c4ca4238a0b923820dcc509a6f75849b',`first_name`='曾',`last_name`='科',`gender`='M',`birthday`='1981-01-08',`begin_work_date`='2006-07-01',`enter_date`='2013-04-23',`email`='38170508@qq.com',`image_url`='public',`last_login`='2014-12-25 08:44:45',`login_count`=39,`calendar_color`='',`is_login`=0,`is_active`=1,`is_super`=1,`department_id`=5,`duty_id`=5,`level_id`=4,`create_time`='2014-12-04 10:44:27',`update_time`='2014-12-04 10:52:21' WHERE `id` = 13 [ RunTime:0.078000s ]

[ 2014-12-25T16:09:10+08:00 ] 127.0.0.1 /examples/OA/Index/index.html
INFO: [ app_init ] --START--
INFO: Run Behavior\BuildLiteBehavior [ RunTime:0.000000s ]
INFO: [ app_init ] --END-- [ RunTime:0.015600s ]
INFO: [ app_begin ] --START--
INFO: Run Behavior\ReadHtmlCacheBehavior [ RunTime:0.000000s ]
INFO: [ app_begin ] --END-- [ RunTime:0.000000s ]
SQL: SHOW COLUMNS FROM `oa_duty` [ RunTime:0.015600s ]
SQL: SHOW COLUMNS FROM `oa_level` [ RunTime:0.000000s ]
SQL: SHOW COLUMNS FROM `oa_department` [ RunTime:0.000000s ]
SQL: SELECT `id`,`name` FROM `oa_department`  [ RunTime:0.000000s ]
SQL: SELECT `id`,`name` FROM `oa_level`  [ RunTime:0.000000s ]
SQL: SELECT `id`,`name` FROM `oa_duty`  [ RunTime:0.000000s ]
INFO: [ view_parse ] --START--
INFO: [ template_filter ] --START--
INFO: Run Behavior\ContentReplaceBehavior [ RunTime:0.000000s ]
INFO: [ template_filter ] --END-- [ RunTime:0.000000s ]
INFO: Run Behavior\ParseTemplateBehavior [ RunTime:0.046800s ]
INFO: [ view_parse ] --END-- [ RunTime:0.046800s ]
INFO: [ view_filter ] --START--
INFO: Run Behavior\WriteHtmlCacheBehavior [ RunTime:0.000000s ]
INFO: [ view_filter ] --END-- [ RunTime:0.000000s ]
INFO: [ app_end ] --START--
INFO: Run Behavior\ShowPageTraceBehavior [ RunTime:0.000000s ]
INFO: [ app_end ] --END-- [ RunTime:0.000000s ]

[ 2014-12-25T17:00:06+08:00 ] 127.0.0.1 /examples/OA/Index/login.html
INFO: [ app_init ] --START--
INFO: Run Behavior\BuildLiteBehavior [ RunTime:0.000000s ]
INFO: [ app_init ] --END-- [ RunTime:0.000000s ]
INFO: [ app_begin ] --START--
INFO: Run Behavior\ReadHtmlCacheBehavior [ RunTime:0.000000s ]
INFO: [ app_begin ] --END-- [ RunTime:0.000000s ]
SQL: SHOW COLUMNS FROM `oa_user` [ RunTime:0.000000s ]
SQL: SELECT * FROM `oa_user` WHERE `username` = 'zengk' AND `password` = 'c4ca4238a0b923820dcc509a6f75849b' LIMIT 1   [ RunTime:0.015600s ]
SQL: UPDATE `oa_user` SET `username`='zengk',`password`='c4ca4238a0b923820dcc509a6f75849b',`first_name`='曾',`last_name`='科',`gender`='M',`birthday`='1981-01-08',`begin_work_date`='2006-07-01',`enter_date`='2013-04-23',`email`='38170508@qq.com',`image_url`='public',`last_login`='2014-12-25 17:00:06',`login_count`=40,`calendar_color`='',`is_login`=1,`is_active`=1,`is_super`=1,`department_id`=5,`duty_id`=5,`level_id`=4,`create_time`='2014-12-04 10:44:27',`update_time`='2014-12-04 10:52:21' WHERE `id` = 13 [ RunTime:0.015600s ]
NOTIC: [8] Undefined index: headImg D:\wamp\www\examples\OA\Apps\Common\Common\function.php 第 48 行.

[ 2014-12-25T17:00:06+08:00 ] 127.0.0.1 /examples/OA/Index/main.html
INFO: [ app_init ] --START--
INFO: Run Behavior\BuildLiteBehavior [ RunTime:0.000000s ]
INFO: [ app_init ] --END-- [ RunTime:0.000000s ]
INFO: [ app_begin ] --START--
INFO: Run Behavior\ReadHtmlCacheBehavior [ RunTime:0.000000s ]
INFO: [ app_begin ] --END-- [ RunTime:0.000000s ]
SQL: SHOW COLUMNS FROM `oa_saying` [ RunTime:0.000000s ]
SQL: SELECT MIN(id) AS tp_min FROM `oa_saying` LIMIT 1   [ RunTime:0.000000s ]
SQL: SELECT MAX(id) AS tp_max FROM `oa_saying` LIMIT 1   [ RunTime:0.015600s ]
SQL: SELECT `content` FROM `oa_saying` WHERE `id` = 3 LIMIT 1   [ RunTime:0.000000s ]
SQL: SHOW COLUMNS FROM `oa_schedule` [ RunTime:0.000000s ]
SQL: SHOW COLUMNS FROM `oa_user` [ RunTime:0.000000s ]
SQL: SHOW COLUMNS FROM `oa_user` [ RunTime:0.015601s ]
SQL: SELECT a.id,a.username,a.last_name,a.first_name,a.calendar_color FROM oa_user a LEFT JOIN oa_department b on a.department_id = b.id  WHERE b.name = '委领导'  [ RunTime:0.000000s ]
SQL: SHOW COLUMNS FROM `oa_department` [ RunTime:0.000000s ]
SQL: SELECT b.id,b.username,b.last_name,b.first_name,b.calendar_color FROM oa_department a LEFT JOIN oa_user b on a.leader_id = b.id  WHERE a.id <> 1  [ RunTime:0.000000s ]
SQL: SHOW COLUMNS FROM `oa_schedule` [ RunTime:0.000000s ]
SQL: SELECT a.id,a.title,a.begin_time as start,a.end_time as end,a.is_allday as allDay,b.calendar_color as color FROM oa_schedule a LEFT JOIN oa_user b on a.user_id = b.id  WHERE a.user_id = '1' AND a.begin_time BETWEEN '2014-12-25 00:00' AND '2014-12-25 23:59' ORDER BY a.begin_time asc  [ RunTime:0.000000s ]
SQL: SHOW COLUMNS FROM `oa_schedule` [ RunTime:0.000000s ]
SQL: SELECT a.id,a.title,a.begin_time as start,a.end_time as end,a.is_allday as allDay,b.calendar_color as color FROM oa_schedule a LEFT JOIN oa_user b on a.user_id = b.id  WHERE a.user_id = '2' AND a.begin_time BETWEEN '2014-12-25 00:00' AND '2014-12-25 23:59' ORDER BY a.begin_time asc  [ RunTime:0.000000s ]
SQL: SHOW COLUMNS FROM `oa_schedule` [ RunTime:0.000000s ]
SQL: SELECT a.id,a.title,a.begin_time as start,a.end_time as end,a.is_allday as allDay,b.calendar_color as color FROM oa_schedule a LEFT JOIN oa_user b on a.user_id = b.id  WHERE a.user_id = '3' AND a.begin_time BETWEEN '2014-12-25 00:00' AND '2014-12-25 23:59' ORDER BY a.begin_time asc  [ RunTime:0.000000s ]
SQL: SHOW COLUMNS FROM `oa_schedule` [ RunTime:0.015600s ]
SQL: SELECT a.id,a.title,a.begin_time as start,a.end_time as end,a.is_allday as allDay,b.calendar_color as color FROM oa_schedule a LEFT JOIN oa_user b on a.user_id = b.id  WHERE a.user_id = '9' AND a.begin_time BETWEEN '2014-12-25 00:00' AND '2014-12-25 23:59' ORDER BY a.begin_time asc  [ RunTime:0.000000s ]
SQL: SHOW COLUMNS FROM `oa_schedule` [ RunTime:0.000000s ]
SQL: SELECT a.id,a.title,a.begin_time as start,a.end_time as end,a.is_allday as allDay,b.calendar_color as color FROM oa_schedule a LEFT JOIN oa_user b on a.user_id = b.id  WHERE a.user_id = '8' AND a.begin_time BETWEEN '2014-12-25 00:00' AND '2014-12-25 23:59' ORDER BY a.begin_time asc  [ RunTime:0.000000s ]
SQL: SHOW COLUMNS FROM `oa_schedule` [ RunTime:0.000000s ]
SQL: SELECT a.id,a.title,a.begin_time as start,a.end_time as end,a.is_allday as allDay,b.calendar_color as color FROM oa_schedule a LEFT JOIN oa_user b on a.user_id = b.id  WHERE a.user_id = '4' AND a.begin_time BETWEEN '2014-12-25 00:00' AND '2014-12-25 23:59' ORDER BY a.begin_time asc  [ RunTime:0.000000s ]
SQL: SHOW COLUMNS FROM `oa_schedule` [ RunTime:0.015600s ]
SQL: SELECT a.id,a.title,a.begin_time as start,a.end_time as end,a.is_allday as allDay,b.calendar_color as color FROM oa_schedule a LEFT JOIN oa_user b on a.user_id = b.id  WHERE a.user_id = '5' AND a.begin_time BETWEEN '2014-12-25 00:00' AND '2014-12-25 23:59' ORDER BY a.begin_time asc  [ RunTime:0.000000s ]
INFO: [ view_parse ] --START--
INFO: [ template_filter ] --START--
INFO: Run Behavior\ContentReplaceBehavior [ RunTime:0.000000s ]
INFO: [ template_filter ] --END-- [ RunTime:0.000000s ]
NOTIC: [2] in_array() expects parameter 2 to be array, null given D:\wamp\www\examples\OA\Apps\Common\Common\function.php 第 35 行.
SQL: SHOW COLUMNS FROM `oa_group_access` [ RunTime:0.015600s ]
SQL: SELECT `rules` FROM oa_group_access a INNER JOIN oa_group g on a.group_id=g.id  WHERE ( a.uid='13' and g.status='1' )  [ RunTime:0.000000s ]
SQL: SHOW COLUMNS FROM `oa_rule` [ RunTime:0.000000s ]
SQL: SELECT `condition`,`name` FROM `oa_rule` WHERE `id` IN ('1','2') AND `type` = 1 AND `status` = 1  [ RunTime:0.015600s ]
NOTIC: [2] in_array() expects parameter 2 to be array, null given D:\wamp\www\examples\OA\Apps\Common\Common\function.php 第 35 行.
INFO: Run Behavior\ParseTemplateBehavior [ RunTime:0.093600s ]
INFO: [ view_parse ] --END-- [ RunTime:0.093600s ]
INFO: [ view_filter ] --START--
INFO: Run Behavior\WriteHtmlCacheBehavior [ RunTime:0.000000s ]
INFO: [ view_filter ] --END-- [ RunTime:0.000000s ]
INFO: [ app_end ] --START--
INFO: Run Behavior\ShowPageTraceBehavior [ RunTime:0.000000s ]
INFO: [ app_end ] --END-- [ RunTime:0.000000s ]

[ 2014-12-25T17:03:16+08:00 ] 127.0.0.1 /examples/OA/Schedule/leaderCalendar.html
INFO: [ app_init ] --START--
INFO: Run Behavior\BuildLiteBehavior [ RunTime:0.000000s ]
INFO: [ app_init ] --END-- [ RunTime:0.000000s ]
INFO: [ app_begin ] --START--
INFO: Run Behavior\ReadHtmlCacheBehavior [ RunTime:0.000000s ]
INFO: [ app_begin ] --END-- [ RunTime:0.000000s ]
SQL: SHOW COLUMNS FROM `oa_user` [ RunTime:0.015600s ]
SQL: SHOW COLUMNS FROM `oa_user` [ RunTime:0.000000s ]
SQL: SELECT a.id,a.username,a.last_name,a.first_name,a.calendar_color FROM oa_user a LEFT JOIN oa_department b on a.department_id = b.id  WHERE b.name = '委领导'  [ RunTime:0.000000s ]
SQL: SHOW COLUMNS FROM `oa_department` [ RunTime:0.015600s ]
SQL: SELECT b.id,b.username,b.last_name,b.first_name,b.calendar_color FROM oa_department a LEFT JOIN oa_user b on a.leader_id = b.id  WHERE a.id <> 1  [ RunTime:0.000000s ]
INFO: [ view_parse ] --START--
INFO: [ template_filter ] --START--
INFO: Run Behavior\ContentReplaceBehavior [ RunTime:0.000000s ]
INFO: [ template_filter ] --END-- [ RunTime:0.000000s ]
NOTIC: [2] in_array() expects parameter 2 to be array, null given D:\wamp\www\examples\OA\Apps\Common\Common\function.php 第 35 行.
SQL: SHOW COLUMNS FROM `oa_group_access` [ RunTime:0.000000s ]
SQL: SELECT `rules` FROM oa_group_access a INNER JOIN oa_group g on a.group_id=g.id  WHERE ( a.uid='13' and g.status='1' )  [ RunTime:0.000000s ]
SQL: SHOW COLUMNS FROM `oa_rule` [ RunTime:0.000000s ]
SQL: SELECT `condition`,`name` FROM `oa_rule` WHERE `id` IN ('1','2') AND `type` = 1 AND `status` = 1  [ RunTime:0.000000s ]
NOTIC: [2] in_array() expects parameter 2 to be array, null given D:\wamp\www\examples\OA\Apps\Common\Common\function.php 第 35 行.
INFO: Run Behavior\ParseTemplateBehavior [ RunTime:0.062401s ]
INFO: [ view_parse ] --END-- [ RunTime:0.062401s ]
INFO: [ view_filter ] --START--
INFO: Run Behavior\WriteHtmlCacheBehavior [ RunTime:0.000000s ]
INFO: [ view_filter ] --END-- [ RunTime:0.000000s ]
INFO: [ app_end ] --START--
INFO: Run Behavior\ShowPageTraceBehavior [ RunTime:0.000000s ]
INFO: [ app_end ] --END-- [ RunTime:0.000000s ]

[ 2014-12-25T17:03:17+08:00 ] 127.0.0.1 /examples/OA/Schedule/getEvents/id/1.html?start=2014-12-01&end=2015-01-12&_=1419498196944
INFO: [ app_init ] --START--
INFO: Run Behavior\BuildLiteBehavior [ RunTime:0.000000s ]
INFO: [ app_init ] --END-- [ RunTime:0.000000s ]
INFO: [ app_begin ] --START--
INFO: Run Behavior\ReadHtmlCacheBehavior [ RunTime:0.000000s ]
INFO: [ app_begin ] --END-- [ RunTime:0.000000s ]
SQL: SHOW COLUMNS FROM `oa_schedule` [ RunTime:0.015600s ]
SQL: SHOW COLUMNS FROM `oa_schedule` [ RunTime:0.000000s ]
SQL: SELECT a.id,a.title,a.begin_time as start,a.end_time as end,a.is_allday as allDay,b.calendar_color as color FROM oa_schedule a LEFT JOIN oa_user b on a.user_id = b.id  WHERE a.user_id = '1' ORDER BY a.begin_time asc  [ RunTime:0.000000s ]

[ 2014-12-25T17:03:17+08:00 ] 127.0.0.1 /examples/OA/Schedule/getEvents/id/4.html?start=2014-12-01&end=2015-01-12&_=1419498196949
INFO: [ app_init ] --START--
INFO: Run Behavior\BuildLiteBehavior [ RunTime:0.000000s ]
INFO: [ app_init ] --END-- [ RunTime:0.000000s ]
INFO: [ app_begin ] --START--
INFO: Run Behavior\ReadHtmlCacheBehavior [ RunTime:0.000000s ]
INFO: [ app_begin ] --END-- [ RunTime:0.000000s ]
SQL: SHOW COLUMNS FROM `oa_schedule` [ RunTime:0.000000s ]
SQL: SHOW COLUMNS FROM `oa_schedule` [ RunTime:0.000000s ]
SQL: SELECT a.id,a.title,a.begin_time as start,a.end_time as end,a.is_allday as allDay,b.calendar_color as color FROM oa_schedule a LEFT JOIN oa_user b on a.user_id = b.id  WHERE a.user_id = '4' ORDER BY a.begin_time asc  [ RunTime:0.000000s ]
NOTIC: [2] Invalid argument supplied for foreach() D:\wamp\www\examples\OA\Apps\OA\Controller\ScheduleController.class.php 第 42 行.
NOTIC: [8] Undefined variable: data D:\wamp\www\examples\OA\Apps\OA\Controller\ScheduleController.class.php 第 53 行.

[ 2014-12-25T17:03:17+08:00 ] 127.0.0.1 /examples/OA/Schedule/getEvents/id/2.html?start=2014-12-01&end=2015-01-12&_=1419498196945
INFO: [ app_init ] --START--
INFO: Run Behavior\BuildLiteBehavior [ RunTime:0.000000s ]
INFO: [ app_init ] --END-- [ RunTime:0.000000s ]
INFO: [ app_begin ] --START--
INFO: Run Behavior\ReadHtmlCacheBehavior [ RunTime:0.000000s ]
INFO: [ app_begin ] --END-- [ RunTime:0.000000s ]
SQL: SHOW COLUMNS FROM `oa_schedule` [ RunTime:0.000000s ]
SQL: SHOW COLUMNS FROM `oa_schedule` [ RunTime:0.015600s ]
SQL: SELECT a.id,a.title,a.begin_time as start,a.end_time as end,a.is_allday as allDay,b.calendar_color as color FROM oa_schedule a LEFT JOIN oa_user b on a.user_id = b.id  WHERE a.user_id = '2' ORDER BY a.begin_time asc  [ RunTime:0.000000s ]

[ 2014-12-25T17:03:17+08:00 ] 127.0.0.1 /examples/OA/Schedule/getEvents/id/9.html?start=2014-12-01&end=2015-01-12&_=1419498196947
INFO: [ app_init ] --START--
INFO: Run Behavior\BuildLiteBehavior [ RunTime:0.000000s ]
INFO: [ app_init ] --END-- [ RunTime:0.000000s ]
INFO: [ app_begin ] --START--
INFO: Run Behavior\ReadHtmlCacheBehavior [ RunTime:0.015600s ]
INFO: [ app_begin ] --END-- [ RunTime:0.015600s ]
SQL: SHOW COLUMNS FROM `oa_schedule` [ RunTime:0.015600s ]
SQL: SHOW COLUMNS FROM `oa_schedule` [ RunTime:0.000000s ]
SQL: SELECT a.id,a.title,a.begin_time as start,a.end_time as end,a.is_allday as allDay,b.calendar_color as color FROM oa_schedule a LEFT JOIN oa_user b on a.user_id = b.id  WHERE a.user_id = '9' ORDER BY a.begin_time asc  [ RunTime:0.000000s ]

[ 2014-12-25T17:03:17+08:00 ] 127.0.0.1 /examples/OA/Schedule/getEvents/id/3.html?start=2014-12-01&end=2015-01-12&_=1419498196946
INFO: [ app_init ] --START--
INFO: Run Behavior\BuildLiteBehavior [ RunTime:0.000000s ]
INFO: [ app_init ] --END-- [ RunTime:0.000000s ]
INFO: [ app_begin ] --START--
INFO: Run Behavior\ReadHtmlCacheBehavior [ RunTime:0.000000s ]
INFO: [ app_begin ] --END-- [ RunTime:0.000000s ]
SQL: SHOW COLUMNS FROM `oa_schedule` [ RunTime:0.000000s ]
SQL: SHOW COLUMNS FROM `oa_schedule` [ RunTime:0.000000s ]
SQL: SELECT a.id,a.title,a.begin_time as start,a.end_time as end,a.is_allday as allDay,b.calendar_color as color FROM oa_schedule a LEFT JOIN oa_user b on a.user_id = b.id  WHERE a.user_id = '3' ORDER BY a.begin_time asc  [ RunTime:0.000000s ]

[ 2014-12-25T17:03:17+08:00 ] 127.0.0.1 /examples/OA/Schedule/getEvents/id/8.html?start=2014-12-01&end=2015-01-12&_=1419498196948
INFO: [ app_init ] --START--
INFO: Run Behavior\BuildLiteBehavior [ RunTime:0.000000s ]
INFO: [ app_init ] --END-- [ RunTime:0.000000s ]
INFO: [ app_begin ] --START--
INFO: Run Behavior\ReadHtmlCacheBehavior [ RunTime:0.000000s ]
INFO: [ app_begin ] --END-- [ RunTime:0.000000s ]
SQL: SHOW COLUMNS FROM `oa_schedule` [ RunTime:0.000000s ]
SQL: SHOW COLUMNS FROM `oa_schedule` [ RunTime:0.000000s ]
SQL: SELECT a.id,a.title,a.begin_time as start,a.end_time as end,a.is_allday as allDay,b.calendar_color as color FROM oa_schedule a LEFT JOIN oa_user b on a.user_id = b.id  WHERE a.user_id = '8' ORDER BY a.begin_time asc  [ RunTime:0.000000s ]

[ 2014-12-25T17:03:17+08:00 ] 127.0.0.1 /examples/OA/Schedule/getEvents/id/5.html?start=2014-12-01&end=2015-01-12&_=1419498196950
INFO: [ app_init ] --START--
INFO: Run Behavior\BuildLiteBehavior [ RunTime:0.000000s ]
INFO: [ app_init ] --END-- [ RunTime:0.000000s ]
INFO: [ app_begin ] --START--
INFO: Run Behavior\ReadHtmlCacheBehavior [ RunTime:0.000000s ]
INFO: [ app_begin ] --END-- [ RunTime:0.000000s ]
SQL: SHOW COLUMNS FROM `oa_schedule` [ RunTime:0.000000s ]
SQL: SHOW COLUMNS FROM `oa_schedule` [ RunTime:0.000000s ]
SQL: SELECT a.id,a.title,a.begin_time as start,a.end_time as end,a.is_allday as allDay,b.calendar_color as color FROM oa_schedule a LEFT JOIN oa_user b on a.user_id = b.id  WHERE a.user_id = '5' ORDER BY a.begin_time asc  [ RunTime:0.000000s ]
NOTIC: [2] Invalid argument supplied for foreach() D:\wamp\www\examples\OA\Apps\OA\Controller\ScheduleController.class.php 第 42 行.
NOTIC: [8] Undefined variable: data D:\wamp\www\examples\OA\Apps\OA\Controller\ScheduleController.class.php 第 53 行.

[ 2014-12-25T17:03:22+08:00 ] 127.0.0.1 /examples/OA/Schedule/personalCalendar.html
INFO: [ app_init ] --START--
INFO: Run Behavior\BuildLiteBehavior [ RunTime:0.000000s ]
INFO: [ app_init ] --END-- [ RunTime:0.000000s ]
INFO: [ app_begin ] --START--
INFO: Run Behavior\ReadHtmlCacheBehavior [ RunTime:0.000000s ]
INFO: [ app_begin ] --END-- [ RunTime:0.000000s ]
INFO: [ view_parse ] --START--
INFO: [ template_filter ] --START--
INFO: Run Behavior\ContentReplaceBehavior [ RunTime:0.000000s ]
INFO: [ template_filter ] --END-- [ RunTime:0.000000s ]
NOTIC: [2] in_array() expects parameter 2 to be array, null given D:\wamp\www\examples\OA\Apps\Common\Common\function.php 第 35 行.
SQL: SHOW COLUMNS FROM `oa_group_access` [ RunTime:0.000000s ]
SQL: SELECT `rules` FROM oa_group_access a INNER JOIN oa_group g on a.group_id=g.id  WHERE ( a.uid='13' and g.status='1' )  [ RunTime:0.000000s ]
SQL: SHOW COLUMNS FROM `oa_rule` [ RunTime:0.000000s ]
SQL: SELECT `condition`,`name` FROM `oa_rule` WHERE `id` IN ('1','2') AND `type` = 1 AND `status` = 1  [ RunTime:0.000000s ]
NOTIC: [2] in_array() expects parameter 2 to be array, null given D:\wamp\www\examples\OA\Apps\Common\Common\function.php 第 35 行.
INFO: Run Behavior\ParseTemplateBehavior [ RunTime:0.109200s ]
INFO: [ view_parse ] --END-- [ RunTime:0.109200s ]
INFO: [ view_filter ] --START--
INFO: Run Behavior\WriteHtmlCacheBehavior [ RunTime:0.000000s ]
INFO: [ view_filter ] --END-- [ RunTime:0.000000s ]
INFO: [ app_end ] --START--
INFO: Run Behavior\ShowPageTraceBehavior [ RunTime:0.000000s ]
INFO: [ app_end ] --END-- [ RunTime:0.000000s ]

[ 2014-12-25T17:03:22+08:00 ] 127.0.0.1 /examples/OA/Schedule/getEvents/id/13.html?start=2014-12-01&end=2015-01-12&_=1419498202548
INFO: [ app_init ] --START--
INFO: Run Behavior\BuildLiteBehavior [ RunTime:0.000000s ]
INFO: [ app_init ] --END-- [ RunTime:0.000000s ]
INFO: [ app_begin ] --START--
INFO: Run Behavior\ReadHtmlCacheBehavior [ RunTime:0.000000s ]
INFO: [ app_begin ] --END-- [ RunTime:0.000000s ]
SQL: SHOW COLUMNS FROM `oa_schedule` [ RunTime:0.000000s ]
SQL: SHOW COLUMNS FROM `oa_schedule` [ RunTime:0.000000s ]
SQL: SELECT a.id,a.title,a.begin_time as start,a.end_time as end,a.is_allday as allDay,b.calendar_color as color FROM oa_schedule a LEFT JOIN oa_user b on a.user_id = b.id  WHERE a.user_id = '13' ORDER BY a.begin_time asc  [ RunTime:0.000000s ]
NOTIC: [2] Invalid argument supplied for foreach() D:\wamp\www\examples\OA\Apps\OA\Controller\ScheduleController.class.php 第 42 行.
NOTIC: [8] Undefined variable: data D:\wamp\www\examples\OA\Apps\OA\Controller\ScheduleController.class.php 第 53 行.

[ 2014-12-25T17:03:24+08:00 ] 127.0.0.1 /examples/OA/Schedule/addLeaderCalendar.html
INFO: [ app_init ] --START--
INFO: Run Behavior\BuildLiteBehavior [ RunTime:0.000000s ]
INFO: [ app_init ] --END-- [ RunTime:0.015600s ]
INFO: [ app_begin ] --START--
INFO: Run Behavior\ReadHtmlCacheBehavior [ RunTime:0.000000s ]
INFO: [ app_begin ] --END-- [ RunTime:0.000000s ]
SQL: SHOW COLUMNS FROM `oa_user` [ RunTime:0.015600s ]
NOTIC: [2] in_array() expects parameter 2 to be array, null given D:\wamp\www\examples\OA\Apps\Common\Common\function.php 第 35 行.
SQL: SHOW COLUMNS FROM `oa_group_access` [ RunTime:0.000000s ]
SQL: SELECT `rules` FROM oa_group_access a INNER JOIN oa_group g on a.group_id=g.id  WHERE ( a.uid='13' and g.status='1' )  [ RunTime:0.000000s ]
SQL: SHOW COLUMNS FROM `oa_rule` [ RunTime:0.015600s ]
SQL: SELECT `condition`,`name` FROM `oa_rule` WHERE `id` IN ('1','2') AND `type` = 1 AND `status` = 1  [ RunTime:0.000000s ]
SQL: SHOW COLUMNS FROM `oa_user` [ RunTime:0.000000s ]
SQL: SELECT a.id,a.username,a.last_name,a.first_name,a.calendar_color FROM oa_user a LEFT JOIN oa_department b on a.department_id = b.id  WHERE b.name = '委领导'  [ RunTime:0.000000s ]
SQL: SHOW COLUMNS FROM `oa_department` [ RunTime:0.015600s ]
SQL: SELECT b.id,b.username,b.last_name,b.first_name,b.calendar_color FROM oa_department a LEFT JOIN oa_user b on a.leader_id = b.id  WHERE a.id <> 1  [ RunTime:0.000000s ]
NOTIC: [2] in_array() expects parameter 2 to be array, null given D:\wamp\www\examples\OA\Apps\Common\Common\function.php 第 35 行.
INFO: [ view_parse ] --START--
INFO: [ template_filter ] --START--
INFO: Run Behavior\ContentReplaceBehavior [ RunTime:0.000000s ]
INFO: [ template_filter ] --END-- [ RunTime:0.000000s ]
NOTIC: [2] in_array() expects parameter 2 to be array, null given D:\wamp\www\examples\OA\Apps\Common\Common\function.php 第 35 行.
NOTIC: [2] in_array() expects parameter 2 to be array, null given D:\wamp\www\examples\OA\Apps\Common\Common\function.php 第 35 行.
NOTIC: [8] Undefined variable: departLeader D:\wamp\www\examples\OA\Apps\Runtime\Cache\OA\a74d04dee496614403945c7dd0e7a95d.php 第 939 行.
NOTIC: [8] Undefined variable: departLeader D:\wamp\www\examples\OA\Apps\Runtime\Cache\OA\a74d04dee496614403945c7dd0e7a95d.php 第 941 行.
INFO: Run Behavior\ParseTemplateBehavior [ RunTime:0.046800s ]
INFO: [ view_parse ] --END-- [ RunTime:0.046800s ]
INFO: [ view_filter ] --START--
INFO: Run Behavior\WriteHtmlCacheBehavior [ RunTime:0.000000s ]
INFO: [ view_filter ] --END-- [ RunTime:0.000000s ]
INFO: [ app_end ] --START--
INFO: Run Behavior\ShowPageTraceBehavior [ RunTime:0.000000s ]
INFO: [ app_end ] --END-- [ RunTime:0.000000s ]

[ 2014-12-25T17:03:25+08:00 ] 127.0.0.1 /examples/OA/Schedule/getEvents/id/1.html?start=2014-12-01&end=2015-01-12&_=1419498205197
INFO: [ app_init ] --START--
INFO: Run Behavior\BuildLiteBehavior [ RunTime:0.000000s ]
INFO: [ app_init ] --END-- [ RunTime:0.000000s ]
INFO: [ app_begin ] --START--
INFO: Run Behavior\ReadHtmlCacheBehavior [ RunTime:0.000000s ]
INFO: [ app_begin ] --END-- [ RunTime:0.000000s ]
SQL: SHOW COLUMNS FROM `oa_schedule` [ RunTime:0.000000s ]
SQL: SHOW COLUMNS FROM `oa_schedule` [ RunTime:0.000000s ]
SQL: SELECT a.id,a.title,a.begin_time as start,a.end_time as end,a.is_allday as allDay,b.calendar_color as color FROM oa_schedule a LEFT JOIN oa_user b on a.user_id = b.id  WHERE a.user_id = '1' ORDER BY a.begin_time asc  [ RunTime:0.000000s ]

[ 2014-12-25T17:03:28+08:00 ] 127.0.0.1 /examples/OA/Schedule/getEvents/id/2.html?start=2014-12-01&end=2015-01-12&_=1419498205198
INFO: [ app_init ] --START--
INFO: Run Behavior\BuildLiteBehavior [ RunTime:0.000000s ]
INFO: [ app_init ] --END-- [ RunTime:0.000000s ]
INFO: [ app_begin ] --START--
INFO: Run Behavior\ReadHtmlCacheBehavior [ RunTime:0.000000s ]
INFO: [ app_begin ] --END-- [ RunTime:0.000000s ]
SQL: SHOW COLUMNS FROM `oa_schedule` [ RunTime:0.000000s ]
SQL: SHOW COLUMNS FROM `oa_schedule` [ RunTime:0.000000s ]
SQL: SELECT a.id,a.title,a.begin_time as start,a.end_time as end,a.is_allday as allDay,b.calendar_color as color FROM oa_schedule a LEFT JOIN oa_user b on a.user_id = b.id  WHERE a.user_id = '2' ORDER BY a.begin_time asc  [ RunTime:0.000000s ]

[ 2014-12-25T17:03:30+08:00 ] 127.0.0.1 /examples/OA/Schedule/getEvents/id/9.html?start=2014-12-01&end=2015-01-12&_=1419498205199
INFO: [ app_init ] --START--
INFO: Run Behavior\BuildLiteBehavior [ RunTime:0.000000s ]
INFO: [ app_init ] --END-- [ RunTime:0.000000s ]
INFO: [ app_begin ] --START--
INFO: Run Behavior\ReadHtmlCacheBehavior [ RunTime:0.000000s ]
INFO: [ app_begin ] --END-- [ RunTime:0.000000s ]
SQL: SHOW COLUMNS FROM `oa_schedule` [ RunTime:0.000000s ]
SQL: SHOW COLUMNS FROM `oa_schedule` [ RunTime:0.015600s ]
SQL: SELECT a.id,a.title,a.begin_time as start,a.end_time as end,a.is_allday as allDay,b.calendar_color as color FROM oa_schedule a LEFT JOIN oa_user b on a.user_id = b.id  WHERE a.user_id = '9' ORDER BY a.begin_time asc  [ RunTime:0.000000s ]

[ 2014-12-25T17:03:32+08:00 ] 127.0.0.1 /examples/OA/Schedule/getEvents/id/8.html?start=2014-12-01&end=2015-01-12&_=1419498205200
INFO: [ app_init ] --START--
INFO: Run Behavior\BuildLiteBehavior [ RunTime:0.000000s ]
INFO: [ app_init ] --END-- [ RunTime:0.000000s ]
INFO: [ app_begin ] --START--
INFO: Run Behavior\ReadHtmlCacheBehavior [ RunTime:0.000000s ]
INFO: [ app_begin ] --END-- [ RunTime:0.000000s ]
SQL: SHOW COLUMNS FROM `oa_schedule` [ RunTime:0.000000s ]
SQL: SHOW COLUMNS FROM `oa_schedule` [ RunTime:0.000000s ]
SQL: SELECT a.id,a.title,a.begin_time as start,a.end_time as end,a.is_allday as allDay,b.calendar_color as color FROM oa_schedule a LEFT JOIN oa_user b on a.user_id = b.id  WHERE a.user_id = '8' ORDER BY a.begin_time asc  [ RunTime:0.000000s ]

[ 2014-12-25T17:03:33+08:00 ] 127.0.0.1 /examples/OA/Schedule/getEvents/id/1.html?start=2014-12-01&end=2015-01-12&_=1419498205201
INFO: [ app_init ] --START--
INFO: Run Behavior\BuildLiteBehavior [ RunTime:0.000000s ]
INFO: [ app_init ] --END-- [ RunTime:0.000000s ]
INFO: [ app_begin ] --START--
INFO: Run Behavior\ReadHtmlCacheBehavior [ RunTime:0.000000s ]
INFO: [ app_begin ] --END-- [ RunTime:0.000000s ]
SQL: SHOW COLUMNS FROM `oa_schedule` [ RunTime:0.000000s ]
SQL: SHOW COLUMNS FROM `oa_schedule` [ RunTime:0.000000s ]
SQL: SELECT a.id,a.title,a.begin_time as start,a.end_time as end,a.is_allday as allDay,b.calendar_color as color FROM oa_schedule a LEFT JOIN oa_user b on a.user_id = b.id  WHERE a.user_id = '1' ORDER BY a.begin_time asc  [ RunTime:0.000000s ]

[ 2014-12-25T17:03:36+08:00 ] 127.0.0.1 /examples/OA/Schedule/getEvents/id/8.html?start=2014-12-01&end=2015-01-12&_=1419498205202
INFO: [ app_init ] --START--
INFO: Run Behavior\BuildLiteBehavior [ RunTime:0.000000s ]
INFO: [ app_init ] --END-- [ RunTime:0.000000s ]
INFO: [ app_begin ] --START--
INFO: Run Behavior\ReadHtmlCacheBehavior [ RunTime:0.015600s ]
INFO: [ app_begin ] --END-- [ RunTime:0.015600s ]
SQL: SHOW COLUMNS FROM `oa_schedule` [ RunTime:0.000000s ]
SQL: SHOW COLUMNS FROM `oa_schedule` [ RunTime:0.000000s ]
SQL: SELECT a.id,a.title,a.begin_time as start,a.end_time as end,a.is_allday as allDay,b.calendar_color as color FROM oa_schedule a LEFT JOIN oa_user b on a.user_id = b.id  WHERE a.user_id = '8' ORDER BY a.begin_time asc  [ RunTime:0.000000s ]

