[ 2014-12-02T17:27:17+08:00 ] 127.0.0.1 /examples/oa/
INFO: [ app_init ] --START--
INFO: Run Behavior\BuildLiteBehavior [ RunTime:0.000000s ]
INFO: [ app_init ] --END-- [ RunTime:0.002000s ]
INFO: [ app_begin ] --START--
INFO: Run Behavior\ReadHtmlCacheBehavior [ RunTime:0.006000s ]
INFO: [ app_begin ] --END-- [ RunTime:0.006000s ]
ERR: 系统不支持:pgsql

[ 2014-12-02T17:29:01+08:00 ] 127.0.0.1 /examples/oa/
INFO: [ app_init ] --START--
INFO: Run Behavior\BuildLiteBehavior [ RunTime:0.000000s ]
INFO: [ app_init ] --END-- [ RunTime:0.001000s ]
INFO: [ app_begin ] --START--
INFO: Run Behavior\ReadHtmlCacheBehavior [ RunTime:0.001000s ]
INFO: [ app_begin ] --END-- [ RunTime:0.002000s ]
NOTIC: [2] mysql_connect(): MySQL server has gone away D:\wamp\www\examples\OA\Think\Library\Think\Db\Driver\Mysql.class.php 第 52 行.
NOTIC: [2] mysql_connect(): Error while reading greeting packet. PID=2024 D:\wamp\www\examples\OA\Think\Library\Think\Db\Driver\Mysql.class.php 第 52 行.
NOTIC: [2] mysql_connect(): MySQL server has gone away D:\wamp\www\examples\OA\Think\Library\Think\Db\Driver\Mysql.class.php 第 52 行.
ERR: MySQL server has gone away

[ 2014-12-02T17:29:01+08:00 ] 127.0.0.1 /examples/oa/
INFO: [ app_init ] --START--
INFO: Run Behavior\BuildLiteBehavior [ RunTime:0.000000s ]
INFO: [ app_init ] --END-- [ RunTime:0.001000s ]
INFO: [ app_begin ] --START--
INFO: Run Behavior\ReadHtmlCacheBehavior [ RunTime:0.001000s ]
INFO: [ app_begin ] --END-- [ RunTime:0.001000s ]
NOTIC: [2] mysql_connect(): Access denied for user 'admin'@'localhost' (using password: YES) D:\wamp\www\examples\OA\Think\Library\Think\Db\Driver\Mysql.class.php 第 52 行.
ERR: Access denied for user 'admin'@'localhost' (using password: YES)

[ 2014-12-02T17:29:01+08:00 ] 127.0.0.1 /examples/oa/
INFO: [ app_init ] --START--
INFO: Run Behavior\BuildLiteBehavior [ RunTime:0.000000s ]
INFO: [ app_init ] --END-- [ RunTime:0.001000s ]
INFO: [ app_begin ] --START--
INFO: Run Behavior\ReadHtmlCacheBehavior [ RunTime:0.001000s ]
INFO: [ app_begin ] --END-- [ RunTime:0.001000s ]
NOTIC: [2] mysql_connect(): Access denied for user 'admin'@'localhost' (using password: YES) D:\wamp\www\examples\OA\Think\Library\Think\Db\Driver\Mysql.class.php 第 52 行.
ERR: Access denied for user 'admin'@'localhost' (using password: YES)

[ 2014-12-02T17:29:34+08:00 ] 127.0.0.1 /examples/oa/
INFO: [ app_init ] --START--
INFO: Run Behavior\BuildLiteBehavior [ RunTime:0.000000s ]
INFO: [ app_init ] --END-- [ RunTime:0.000000s ]
INFO: [ app_begin ] --START--
INFO: Run Behavior\ReadHtmlCacheBehavior [ RunTime:0.001000s ]
INFO: [ app_begin ] --END-- [ RunTime:0.002000s ]
SQL: SHOW COLUMNS FROM `cbd_user` [ RunTime:0.006000s ]
SQL: SELECT * FROM `cbd_user`  [ RunTime:0.001000s ]
INFO: [ app_end ] --START--
INFO: Run Behavior\ShowPageTraceBehavior [ RunTime:0.026001s ]
INFO: [ app_end ] --END-- [ RunTime:0.026001s ]

[ 2014-12-02T22:48:09+08:00 ] 127.0.0.1 /oa/
INFO: [ app_init ] --START--
INFO: Run Behavior\BuildLiteBehavior [ RunTime:0.000000s ]
INFO: [ app_init ] --END-- [ RunTime:0.002000s ]
INFO: [ app_begin ] --START--
INFO: Run Behavior\ReadHtmlCacheBehavior [ RunTime:0.001000s ]
INFO: [ app_begin ] --END-- [ RunTime:0.001000s ]
INFO: [ view_parse ] --START--
INFO: [ template_filter ] --START--
INFO: Run Behavior\ContentReplaceBehavior [ RunTime:0.000000s ]
INFO: [ template_filter ] --END-- [ RunTime:0.000000s ]
INFO: Run Behavior\ParseTemplateBehavior [ RunTime:0.010001s ]
INFO: [ view_parse ] --END-- [ RunTime:0.010001s ]
INFO: [ view_filter ] --START--
INFO: Run Behavior\WriteHtmlCacheBehavior [ RunTime:0.000000s ]
INFO: [ view_filter ] --END-- [ RunTime:0.000000s ]
INFO: [ app_end ] --START--
INFO: Run Behavior\ShowPageTraceBehavior [ RunTime:0.001000s ]
INFO: [ app_end ] --END-- [ RunTime:0.001000s ]

