[ 2015-02-09T11:48:18+08:00 ] 127.0.0.1 /develop/oa/
INFO: [ app_init ] --START--
INFO: Run Behavior\BuildLiteBehavior [ RunTime:0.000000s ]
INFO: [ app_init ] --END-- [ RunTime:0.000000s ]
INFO: [ app_begin ] --START--
INFO: Run Behavior\ReadHtmlCacheBehavior [ RunTime:0.001000s ]
INFO: [ app_begin ] --END-- [ RunTime:0.001000s ]
NOTIC: [8192] mysql_connect(): The mysql extension is deprecated and will be removed in the future: use mysqli or PDO instead F:\wamp\www\develop\OA\Think\Library\Think\Db\Driver\Mysql.class.php 第 52 行.
SQL: SHOW COLUMNS FROM `oa_duty` [ RunTime:0.030002s ]
SQL: SHOW COLUMNS FROM `oa_level` [ RunTime:0.014001s ]
SQL: SHOW COLUMNS FROM `oa_department` [ RunTime:0.013000s ]
SQL: SELECT `id`,`name` FROM `oa_department`  [ RunTime:0.000000s ]
SQL: SELECT `id`,`name` FROM `oa_level`  [ RunTime:0.001000s ]
SQL: SELECT `id`,`name` FROM `oa_duty`  [ RunTime:0.000000s ]
INFO: [ view_parse ] --START--
INFO: [ template_filter ] --START--
INFO: Run Behavior\ContentReplaceBehavior [ RunTime:0.000000s ]
INFO: [ template_filter ] --END-- [ RunTime:0.000000s ]
INFO: Run Behavior\ParseTemplateBehavior [ RunTime:0.015000s ]
INFO: [ view_parse ] --END-- [ RunTime:0.015000s ]
INFO: [ view_filter ] --START--
INFO: Run Behavior\WriteHtmlCacheBehavior [ RunTime:0.000000s ]
INFO: [ view_filter ] --END-- [ RunTime:0.001000s ]
INFO: [ app_end ] --START--
INFO: Run Behavior\ShowPageTraceBehavior [ RunTime:0.000000s ]
INFO: [ app_end ] --END-- [ RunTime:0.000000s ]

[ 2015-02-09T11:48:22+08:00 ] 127.0.0.1 /develop/oa/Index/login.html
INFO: [ app_init ] --START--
INFO: Run Behavior\BuildLiteBehavior [ RunTime:0.000000s ]
INFO: [ app_init ] --END-- [ RunTime:0.001000s ]
INFO: [ app_begin ] --START--
INFO: Run Behavior\ReadHtmlCacheBehavior [ RunTime:0.001000s ]
INFO: [ app_begin ] --END-- [ RunTime:0.002000s ]
NOTIC: [8192] mysql_connect(): The mysql extension is deprecated and will be removed in the future: use mysqli or PDO instead F:\wamp\www\develop\OA\Think\Library\Think\Db\Driver\Mysql.class.php 第 52 行.
SQL: SHOW COLUMNS FROM `oa_user` [ RunTime:0.023002s ]
SQL: SELECT * FROM `oa_user` WHERE `username` = 'zengk' AND `password` = 'c4ca4238a0b923820dcc509a6f75849b' LIMIT 1   [ RunTime:0.001000s ]
SQL: UPDATE `oa_user` SET `username`='zengk',`password`='c4ca4238a0b923820dcc509a6f75849b',`first_name`='曾',`last_name`='科',`gender`='M',`birthday`='1981-01-08',`begin_work_date`='2006-07-01',`enter_date`='2013-04-23',`email`='38170508@qq.com',`image_url`='public',`last_login`='2015-02-09 11:48:22',`login_count`=69,`calendar_color`='',`is_login`=1,`is_active`=1,`is_super`=1,`department_id`=5,`duty_id`=5,`level_id`=4,`create_time`='2014-12-04 10:44:27',`update_time`='2014-12-04 10:52:21' WHERE `id` = 13 [ RunTime:0.020001s ]
NOTIC: [8] Undefined index: headImg F:\wamp\www\develop\OA\Apps\Common\Common\function.php 第 48 行.

[ 2015-02-09T11:48:22+08:00 ] 127.0.0.1 /develop/OA/Index/main.html
INFO: [ app_init ] --START--
INFO: Run Behavior\BuildLiteBehavior [ RunTime:0.000000s ]
INFO: [ app_init ] --END-- [ RunTime:0.000000s ]
INFO: [ app_begin ] --START--
INFO: Run Behavior\ReadHtmlCacheBehavior [ RunTime:0.001000s ]
INFO: [ app_begin ] --END-- [ RunTime:0.001000s ]
NOTIC: [8192] mysql_connect(): The mysql extension is deprecated and will be removed in the future: use mysqli or PDO instead F:\wamp\www\develop\OA\Think\Library\Think\Db\Driver\Mysql.class.php 第 52 行.
SQL: SHOW COLUMNS FROM `oa_saying` [ RunTime:0.013001s ]
SQL: SELECT MIN(id) AS tp_min FROM `oa_saying` LIMIT 1   [ RunTime:0.001000s ]
SQL: SELECT MAX(id) AS tp_max FROM `oa_saying` LIMIT 1   [ RunTime:0.000000s ]
SQL: SELECT `content` FROM `oa_saying` WHERE `id` = 2 LIMIT 1   [ RunTime:0.000000s ]
SQL: SHOW COLUMNS FROM `oa_schedule` [ RunTime:0.010000s ]
SQL: SHOW COLUMNS FROM `oa_user` [ RunTime:0.004000s ]
SQL: SHOW COLUMNS FROM `oa_user` [ RunTime:0.004000s ]
SQL: SELECT a.id,a.username,a.last_name,a.first_name,a.calendar_color FROM oa_user a LEFT JOIN oa_department b on a.department_id = b.id  WHERE b.name = '委领导' AND a.is_active = 1  [ RunTime:0.001000s ]
SQL: SHOW COLUMNS FROM `oa_department` [ RunTime:0.004000s ]
SQL: SELECT b.id,b.username,b.last_name,b.first_name,b.calendar_color FROM oa_department a LEFT JOIN oa_user b on a.leader_id = b.id  WHERE a.id <> 1 AND b.is_active = 1  [ RunTime:0.000000s ]
SQL: SHOW COLUMNS FROM `oa_schedule` [ RunTime:0.004001s ]
SQL: SELECT a.id,a.title,a.begin_time as start,a.end_time as end,a.is_allday as allDay,b.calendar_color as color FROM oa_schedule a LEFT JOIN oa_user b on a.user_id = b.id  WHERE a.user_id = '1' AND a.begin_time BETWEEN '2015-02-09 00:00' AND '2015-02-09 23:59' ORDER BY a.begin_time asc  [ RunTime:0.001000s ]
SQL: SHOW COLUMNS FROM `oa_schedule` [ RunTime:0.004000s ]
SQL: SELECT a.id,a.title,a.begin_time as start,a.end_time as end,a.is_allday as allDay,b.calendar_color as color FROM oa_schedule a LEFT JOIN oa_user b on a.user_id = b.id  WHERE a.user_id = '2' AND a.begin_time BETWEEN '2015-02-09 00:00' AND '2015-02-09 23:59' ORDER BY a.begin_time asc  [ RunTime:0.000000s ]
SQL: SHOW COLUMNS FROM `oa_schedule` [ RunTime:0.003000s ]
SQL: SELECT a.id,a.title,a.begin_time as start,a.end_time as end,a.is_allday as allDay,b.calendar_color as color FROM oa_schedule a LEFT JOIN oa_user b on a.user_id = b.id  WHERE a.user_id = '3' AND a.begin_time BETWEEN '2015-02-09 00:00' AND '2015-02-09 23:59' ORDER BY a.begin_time asc  [ RunTime:0.001000s ]
SQL: SHOW COLUMNS FROM `oa_schedule` [ RunTime:0.004001s ]
SQL: SELECT a.id,a.title,a.begin_time as start,a.end_time as end,a.is_allday as allDay,b.calendar_color as color FROM oa_schedule a LEFT JOIN oa_user b on a.user_id = b.id  WHERE a.user_id = '9' AND a.begin_time BETWEEN '2015-02-09 00:00' AND '2015-02-09 23:59' ORDER BY a.begin_time asc  [ RunTime:0.000000s ]
SQL: SHOW COLUMNS FROM `oa_schedule` [ RunTime:0.004000s ]
SQL: SELECT a.id,a.title,a.begin_time as start,a.end_time as end,a.is_allday as allDay,b.calendar_color as color FROM oa_schedule a LEFT JOIN oa_user b on a.user_id = b.id  WHERE a.user_id = '8' AND a.begin_time BETWEEN '2015-02-09 00:00' AND '2015-02-09 23:59' ORDER BY a.begin_time asc  [ RunTime:0.001000s ]
SQL: SHOW COLUMNS FROM `oa_schedule` [ RunTime:0.004000s ]
SQL: SELECT a.id,a.title,a.begin_time as start,a.end_time as end,a.is_allday as allDay,b.calendar_color as color FROM oa_schedule a LEFT JOIN oa_user b on a.user_id = b.id  WHERE a.user_id = '4' AND a.begin_time BETWEEN '2015-02-09 00:00' AND '2015-02-09 23:59' ORDER BY a.begin_time asc  [ RunTime:0.000000s ]
SQL: SHOW COLUMNS FROM `oa_schedule` [ RunTime:0.004001s ]
SQL: SELECT a.id,a.title,a.begin_time as start,a.end_time as end,a.is_allday as allDay,b.calendar_color as color FROM oa_schedule a LEFT JOIN oa_user b on a.user_id = b.id  WHERE a.user_id = '5' AND a.begin_time BETWEEN '2015-02-09 00:00' AND '2015-02-09 23:59' ORDER BY a.begin_time asc  [ RunTime:0.000000s ]
INFO: [ view_parse ] --START--
INFO: [ template_filter ] --START--
INFO: Run Behavior\ContentReplaceBehavior [ RunTime:0.001000s ]
INFO: [ template_filter ] --END-- [ RunTime:0.001000s ]
NOTIC: [2] in_array() expects parameter 2 to be array, null given F:\wamp\www\develop\OA\Apps\Common\Common\function.php 第 35 行.
SQL: SHOW COLUMNS FROM `oa_group_access` [ RunTime:0.011000s ]
SQL: SELECT `rules` FROM oa_group_access a INNER JOIN oa_group g on a.group_id=g.id  WHERE ( a.uid='13' and g.status='1' )  [ RunTime:0.013001s ]
SQL: SHOW COLUMNS FROM `oa_rule` [ RunTime:0.010000s ]
SQL: SELECT `condition`,`name` FROM `oa_rule` WHERE `id` IN ('1','2') AND `type` = 1 AND `status` = 1  [ RunTime:0.001000s ]
NOTIC: [2] in_array() expects parameter 2 to be array, null given F:\wamp\www\develop\OA\Apps\Common\Common\function.php 第 35 行.
NOTIC: [8] Use of undefined constant leaf - assumed 'leaf' F:\wamp\www\develop\OA\Apps\Runtime\Cache\OA\490e990885cbf651d9e780dc1cded698.php 第 591 行.
INFO: Run Behavior\ParseTemplateBehavior [ RunTime:0.072004s ]
INFO: [ view_parse ] --END-- [ RunTime:0.072004s ]
INFO: [ view_filter ] --START--
INFO: Run Behavior\WriteHtmlCacheBehavior [ RunTime:0.001000s ]
INFO: [ view_filter ] --END-- [ RunTime:0.001000s ]
INFO: [ app_end ] --START--
INFO: Run Behavior\ShowPageTraceBehavior [ RunTime:0.001000s ]
INFO: [ app_end ] --END-- [ RunTime:0.001000s ]

[ 2015-02-09T11:48:25+08:00 ] 127.0.0.1 /develop/OA/Schedule/leaderCalendar.html
INFO: [ app_init ] --START--
INFO: Run Behavior\BuildLiteBehavior [ RunTime:0.000000s ]
INFO: [ app_init ] --END-- [ RunTime:0.001001s ]
INFO: [ app_begin ] --START--
INFO: Run Behavior\ReadHtmlCacheBehavior [ RunTime:0.001000s ]
INFO: [ app_begin ] --END-- [ RunTime:0.002000s ]
NOTIC: [8192] mysql_connect(): The mysql extension is deprecated and will be removed in the future: use mysqli or PDO instead F:\wamp\www\develop\OA\Think\Library\Think\Db\Driver\Mysql.class.php 第 52 行.
SQL: SHOW COLUMNS FROM `oa_user` [ RunTime:0.004000s ]
SQL: SHOW COLUMNS FROM `oa_user` [ RunTime:0.005000s ]
SQL: SELECT a.id,a.username,a.last_name,a.first_name,a.calendar_color FROM oa_user a LEFT JOIN oa_department b on a.department_id = b.id  WHERE b.name = '委领导' AND a.is_active = 1  [ RunTime:0.000000s ]
SQL: SHOW COLUMNS FROM `oa_department` [ RunTime:0.004001s ]
SQL: SELECT b.id,b.username,b.last_name,b.first_name,b.calendar_color FROM oa_department a LEFT JOIN oa_user b on a.leader_id = b.id  WHERE a.id <> 1 AND b.is_active = 1  [ RunTime:0.001000s ]
INFO: [ view_parse ] --START--
INFO: [ template_filter ] --START--
INFO: Run Behavior\ContentReplaceBehavior [ RunTime:0.000000s ]
INFO: [ template_filter ] --END-- [ RunTime:0.000000s ]
NOTIC: [2] in_array() expects parameter 2 to be array, null given F:\wamp\www\develop\OA\Apps\Common\Common\function.php 第 35 行.
SQL: SHOW COLUMNS FROM `oa_group_access` [ RunTime:0.003000s ]
SQL: SELECT `rules` FROM oa_group_access a INNER JOIN oa_group g on a.group_id=g.id  WHERE ( a.uid='13' and g.status='1' )  [ RunTime:0.000000s ]
SQL: SHOW COLUMNS FROM `oa_rule` [ RunTime:0.003001s ]
SQL: SELECT `condition`,`name` FROM `oa_rule` WHERE `id` IN ('1','2') AND `type` = 1 AND `status` = 1  [ RunTime:0.001000s ]
NOTIC: [2] in_array() expects parameter 2 to be array, null given F:\wamp\www\develop\OA\Apps\Common\Common\function.php 第 35 行.
NOTIC: [8] Use of undefined constant leaf - assumed 'leaf' F:\wamp\www\develop\OA\Apps\Runtime\Cache\OA\ec8177e4be2cb07ccb8ecad6687b53d2.php 第 595 行.
INFO: Run Behavior\ParseTemplateBehavior [ RunTime:0.058003s ]
INFO: [ view_parse ] --END-- [ RunTime:0.058003s ]
INFO: [ view_filter ] --START--
INFO: Run Behavior\WriteHtmlCacheBehavior [ RunTime:0.000000s ]
INFO: [ view_filter ] --END-- [ RunTime:0.001000s ]
INFO: [ app_end ] --START--
INFO: Run Behavior\ShowPageTraceBehavior [ RunTime:0.001000s ]
INFO: [ app_end ] --END-- [ RunTime:0.001000s ]

[ 2015-02-09T11:48:26+08:00 ] 127.0.0.1 /develop/OA/Schedule/getEvents/id/1.html?start=2015-01-26&end=2015-03-09&_=1423453706089
INFO: [ app_init ] --START--
INFO: Run Behavior\BuildLiteBehavior [ RunTime:0.000000s ]
INFO: [ app_init ] --END-- [ RunTime:0.000000s ]
INFO: [ app_begin ] --START--
INFO: Run Behavior\ReadHtmlCacheBehavior [ RunTime:0.001000s ]
INFO: [ app_begin ] --END-- [ RunTime:0.001000s ]
NOTIC: [8192] mysql_connect(): The mysql extension is deprecated and will be removed in the future: use mysqli or PDO instead F:\wamp\www\develop\OA\Think\Library\Think\Db\Driver\Mysql.class.php 第 52 行.
SQL: SHOW COLUMNS FROM `oa_schedule` [ RunTime:0.006000s ]
SQL: SHOW COLUMNS FROM `oa_schedule` [ RunTime:0.006001s ]
SQL: SELECT a.id,a.title,a.begin_time as start,a.end_time as end,a.is_allday as allDay,b.calendar_color as color FROM oa_schedule a LEFT JOIN oa_user b on a.user_id = b.id  WHERE a.user_id = '1' ORDER BY a.begin_time asc  [ RunTime:0.003000s ]

[ 2015-02-09T11:48:26+08:00 ] 127.0.0.1 /develop/OA/Schedule/getEvents/id/3.html?start=2015-01-26&end=2015-03-09&_=1423453706091
INFO: [ app_init ] --START--
INFO: Run Behavior\BuildLiteBehavior [ RunTime:0.000000s ]
INFO: [ app_init ] --END-- [ RunTime:0.005001s ]
INFO: [ app_begin ] --START--
INFO: Run Behavior\ReadHtmlCacheBehavior [ RunTime:0.001000s ]
INFO: [ app_begin ] --END-- [ RunTime:0.002000s ]
NOTIC: [8192] mysql_connect(): The mysql extension is deprecated and will be removed in the future: use mysqli or PDO instead F:\wamp\www\develop\OA\Think\Library\Think\Db\Driver\Mysql.class.php 第 52 行.
SQL: SHOW COLUMNS FROM `oa_schedule` [ RunTime:0.008001s ]
SQL: SHOW COLUMNS FROM `oa_schedule` [ RunTime:0.006000s ]
SQL: SELECT a.id,a.title,a.begin_time as start,a.end_time as end,a.is_allday as allDay,b.calendar_color as color FROM oa_schedule a LEFT JOIN oa_user b on a.user_id = b.id  WHERE a.user_id = '3' ORDER BY a.begin_time asc  [ RunTime:0.001000s ]

[ 2015-02-09T11:48:26+08:00 ] 127.0.0.1 /develop/OA/Schedule/getEvents/id/2.html?start=2015-01-26&end=2015-03-09&_=1423453706090
INFO: [ app_init ] --START--
INFO: Run Behavior\BuildLiteBehavior [ RunTime:0.000000s ]
INFO: [ app_init ] --END-- [ RunTime:0.000000s ]
INFO: [ app_begin ] --START--
INFO: Run Behavior\ReadHtmlCacheBehavior [ RunTime:0.001000s ]
INFO: [ app_begin ] --END-- [ RunTime:0.001000s ]
NOTIC: [8192] mysql_connect(): The mysql extension is deprecated and will be removed in the future: use mysqli or PDO instead F:\wamp\www\develop\OA\Think\Library\Think\Db\Driver\Mysql.class.php 第 52 行.
SQL: SHOW COLUMNS FROM `oa_schedule` [ RunTime:0.008001s ]
SQL: SHOW COLUMNS FROM `oa_schedule` [ RunTime:0.005000s ]
SQL: SELECT a.id,a.title,a.begin_time as start,a.end_time as end,a.is_allday as allDay,b.calendar_color as color FROM oa_schedule a LEFT JOIN oa_user b on a.user_id = b.id  WHERE a.user_id = '2' ORDER BY a.begin_time asc  [ RunTime:0.001000s ]

[ 2015-02-09T11:48:26+08:00 ] 127.0.0.1 /develop/OA/Schedule/getEvents/id/9.html?start=2015-01-26&end=2015-03-09&_=1423453706092
INFO: [ app_init ] --START--
INFO: Run Behavior\BuildLiteBehavior [ RunTime:0.001000s ]
INFO: [ app_init ] --END-- [ RunTime:0.001000s ]
INFO: [ app_begin ] --START--
INFO: Run Behavior\ReadHtmlCacheBehavior [ RunTime:0.003000s ]
INFO: [ app_begin ] --END-- [ RunTime:0.003000s ]
NOTIC: [8192] mysql_connect(): The mysql extension is deprecated and will be removed in the future: use mysqli or PDO instead F:\wamp\www\develop\OA\Think\Library\Think\Db\Driver\Mysql.class.php 第 52 行.
SQL: SHOW COLUMNS FROM `oa_schedule` [ RunTime:0.006000s ]
SQL: SHOW COLUMNS FROM `oa_schedule` [ RunTime:0.006000s ]
SQL: SELECT a.id,a.title,a.begin_time as start,a.end_time as end,a.is_allday as allDay,b.calendar_color as color FROM oa_schedule a LEFT JOIN oa_user b on a.user_id = b.id  WHERE a.user_id = '9' ORDER BY a.begin_time asc  [ RunTime:0.001000s ]

[ 2015-02-09T11:48:26+08:00 ] 127.0.0.1 /develop/OA/Schedule/getEvents/id/4.html?start=2015-01-26&end=2015-03-09&_=1423453706094
INFO: [ app_init ] --START--
INFO: Run Behavior\BuildLiteBehavior [ RunTime:0.000000s ]
INFO: [ app_init ] --END-- [ RunTime:0.000000s ]
INFO: [ app_begin ] --START--
INFO: Run Behavior\ReadHtmlCacheBehavior [ RunTime:0.001000s ]
INFO: [ app_begin ] --END-- [ RunTime:0.001000s ]
NOTIC: [8192] mysql_connect(): The mysql extension is deprecated and will be removed in the future: use mysqli or PDO instead F:\wamp\www\develop\OA\Think\Library\Think\Db\Driver\Mysql.class.php 第 52 行.
SQL: SHOW COLUMNS FROM `oa_schedule` [ RunTime:0.005000s ]
SQL: SHOW COLUMNS FROM `oa_schedule` [ RunTime:0.005000s ]
SQL: SELECT a.id,a.title,a.begin_time as start,a.end_time as end,a.is_allday as allDay,b.calendar_color as color FROM oa_schedule a LEFT JOIN oa_user b on a.user_id = b.id  WHERE a.user_id = '4' ORDER BY a.begin_time asc  [ RunTime:0.000000s ]

[ 2015-02-09T11:48:26+08:00 ] 127.0.0.1 /develop/OA/Schedule/getEvents/id/8.html?start=2015-01-26&end=2015-03-09&_=1423453706093
INFO: [ app_init ] --START--
INFO: Run Behavior\BuildLiteBehavior [ RunTime:0.000000s ]
INFO: [ app_init ] --END-- [ RunTime:0.000000s ]
INFO: [ app_begin ] --START--
INFO: Run Behavior\ReadHtmlCacheBehavior [ RunTime:0.000000s ]
INFO: [ app_begin ] --END-- [ RunTime:0.001000s ]
NOTIC: [8192] mysql_connect(): The mysql extension is deprecated and will be removed in the future: use mysqli or PDO instead F:\wamp\www\develop\OA\Think\Library\Think\Db\Driver\Mysql.class.php 第 52 行.
SQL: SHOW COLUMNS FROM `oa_schedule` [ RunTime:0.004000s ]
SQL: SHOW COLUMNS FROM `oa_schedule` [ RunTime:0.005001s ]
SQL: SELECT a.id,a.title,a.begin_time as start,a.end_time as end,a.is_allday as allDay,b.calendar_color as color FROM oa_schedule a LEFT JOIN oa_user b on a.user_id = b.id  WHERE a.user_id = '8' ORDER BY a.begin_time asc  [ RunTime:0.001000s ]

[ 2015-02-09T11:48:26+08:00 ] 127.0.0.1 /develop/OA/Schedule/getEvents/id/5.html?start=2015-01-26&end=2015-03-09&_=1423453706095
INFO: [ app_init ] --START--
INFO: Run Behavior\BuildLiteBehavior [ RunTime:0.000000s ]
INFO: [ app_init ] --END-- [ RunTime:0.001000s ]
INFO: [ app_begin ] --START--
INFO: Run Behavior\ReadHtmlCacheBehavior [ RunTime:0.001000s ]
INFO: [ app_begin ] --END-- [ RunTime:0.001000s ]
NOTIC: [8192] mysql_connect(): The mysql extension is deprecated and will be removed in the future: use mysqli or PDO instead F:\wamp\www\develop\OA\Think\Library\Think\Db\Driver\Mysql.class.php 第 52 行.
SQL: SHOW COLUMNS FROM `oa_schedule` [ RunTime:0.005000s ]
SQL: SHOW COLUMNS FROM `oa_schedule` [ RunTime:0.004000s ]
SQL: SELECT a.id,a.title,a.begin_time as start,a.end_time as end,a.is_allday as allDay,b.calendar_color as color FROM oa_schedule a LEFT JOIN oa_user b on a.user_id = b.id  WHERE a.user_id = '5' ORDER BY a.begin_time asc  [ RunTime:0.001000s ]

[ 2015-02-09T11:48:31+08:00 ] 127.0.0.1 /develop/OA/Schedule/personalCalendar.html
INFO: [ app_init ] --START--
INFO: Run Behavior\BuildLiteBehavior [ RunTime:0.000000s ]
INFO: [ app_init ] --END-- [ RunTime:0.001001s ]
INFO: [ app_begin ] --START--
INFO: Run Behavior\ReadHtmlCacheBehavior [ RunTime:0.000000s ]
INFO: [ app_begin ] --END-- [ RunTime:0.000000s ]
INFO: [ view_parse ] --START--
INFO: [ template_filter ] --START--
INFO: Run Behavior\ContentReplaceBehavior [ RunTime:0.000000s ]
INFO: [ template_filter ] --END-- [ RunTime:0.000000s ]
NOTIC: [2] in_array() expects parameter 2 to be array, null given F:\wamp\www\develop\OA\Apps\Common\Common\function.php 第 35 行.
NOTIC: [8192] mysql_connect(): The mysql extension is deprecated and will be removed in the future: use mysqli or PDO instead F:\wamp\www\develop\OA\Think\Library\Think\Db\Driver\Mysql.class.php 第 52 行.
SQL: SHOW COLUMNS FROM `oa_group_access` [ RunTime:0.003000s ]
SQL: SELECT `rules` FROM oa_group_access a INNER JOIN oa_group g on a.group_id=g.id  WHERE ( a.uid='13' and g.status='1' )  [ RunTime:0.000000s ]
SQL: SHOW COLUMNS FROM `oa_rule` [ RunTime:0.004000s ]
SQL: SELECT `condition`,`name` FROM `oa_rule` WHERE `id` IN ('1','2') AND `type` = 1 AND `status` = 1  [ RunTime:0.001000s ]
NOTIC: [2] in_array() expects parameter 2 to be array, null given F:\wamp\www\develop\OA\Apps\Common\Common\function.php 第 35 行.
NOTIC: [8] Use of undefined constant leaf - assumed 'leaf' F:\wamp\www\develop\OA\Apps\Runtime\Cache\OA\b236b7d2b1edc5fd23d44090467c1a47.php 第 594 行.
INFO: Run Behavior\ParseTemplateBehavior [ RunTime:0.062003s ]
INFO: [ view_parse ] --END-- [ RunTime:0.062003s ]
INFO: [ view_filter ] --START--
INFO: Run Behavior\WriteHtmlCacheBehavior [ RunTime:0.001000s ]
INFO: [ view_filter ] --END-- [ RunTime:0.001000s ]
INFO: [ app_end ] --START--
INFO: Run Behavior\ShowPageTraceBehavior [ RunTime:0.001000s ]
INFO: [ app_end ] --END-- [ RunTime:0.001000s ]

[ 2015-02-09T11:48:32+08:00 ] 127.0.0.1 /develop/OA/Schedule/getEvents/id/13.html?start=2015-01-26&end=2015-03-09&_=1423453711872
INFO: [ app_init ] --START--
INFO: Run Behavior\BuildLiteBehavior [ RunTime:0.000000s ]
INFO: [ app_init ] --END-- [ RunTime:0.001001s ]
INFO: [ app_begin ] --START--
INFO: Run Behavior\ReadHtmlCacheBehavior [ RunTime:0.001000s ]
INFO: [ app_begin ] --END-- [ RunTime:0.001000s ]
NOTIC: [8192] mysql_connect(): The mysql extension is deprecated and will be removed in the future: use mysqli or PDO instead F:\wamp\www\develop\OA\Think\Library\Think\Db\Driver\Mysql.class.php 第 52 行.
SQL: SHOW COLUMNS FROM `oa_schedule` [ RunTime:0.004001s ]
SQL: SHOW COLUMNS FROM `oa_schedule` [ RunTime:0.005000s ]
SQL: SELECT a.id,a.title,a.begin_time as start,a.end_time as end,a.is_allday as allDay,b.calendar_color as color FROM oa_schedule a LEFT JOIN oa_user b on a.user_id = b.id  WHERE a.user_id = '13' ORDER BY a.begin_time asc  [ RunTime:0.000000s ]

[ 2015-02-09T11:48:36+08:00 ] 127.0.0.1 /develop/OA/Schedule/getDescription.html?id=29
INFO: [ app_init ] --START--
INFO: Run Behavior\BuildLiteBehavior [ RunTime:0.000000s ]
INFO: [ app_init ] --END-- [ RunTime:0.001000s ]
INFO: [ app_begin ] --START--
INFO: Run Behavior\ReadHtmlCacheBehavior [ RunTime:0.001000s ]
INFO: [ app_begin ] --END-- [ RunTime:0.001000s ]
NOTIC: [8192] mysql_connect(): The mysql extension is deprecated and will be removed in the future: use mysqli or PDO instead F:\wamp\www\develop\OA\Think\Library\Think\Db\Driver\Mysql.class.php 第 52 行.
SQL: SHOW COLUMNS FROM `oa_schedule` [ RunTime:0.006001s ]
SQL: SELECT `description` FROM `oa_schedule` WHERE `id` = 29 LIMIT 1   [ RunTime:0.000000s ]

[ 2015-02-09T11:48:40+08:00 ] 127.0.0.1 /develop/OA/Schedule/del.html?id=29
INFO: [ app_init ] --START--
INFO: Run Behavior\BuildLiteBehavior [ RunTime:0.000000s ]
INFO: [ app_init ] --END-- [ RunTime:0.001000s ]
INFO: [ app_begin ] --START--
INFO: Run Behavior\ReadHtmlCacheBehavior [ RunTime:0.001000s ]
INFO: [ app_begin ] --END-- [ RunTime:0.001000s ]
NOTIC: [8192] mysql_connect(): The mysql extension is deprecated and will be removed in the future: use mysqli or PDO instead F:\wamp\www\develop\OA\Think\Library\Think\Db\Driver\Mysql.class.php 第 52 行.
SQL: SHOW COLUMNS FROM `oa_schedule` [ RunTime:0.006000s ]
SQL: DELETE FROM `oa_schedule` WHERE `id` = 29 [ RunTime:0.029002s ]

[ 2015-02-09T11:48:44+08:00 ] 127.0.0.1 /develop/OA/Reception/addReception.html
INFO: [ app_init ] --START--
INFO: Run Behavior\BuildLiteBehavior [ RunTime:0.000000s ]
INFO: [ app_init ] --END-- [ RunTime:0.001000s ]
INFO: [ app_begin ] --START--
INFO: Run Behavior\ReadHtmlCacheBehavior [ RunTime:0.000000s ]
INFO: [ app_begin ] --END-- [ RunTime:0.001000s ]
NOTIC: [8192] mysql_connect(): The mysql extension is deprecated and will be removed in the future: use mysqli or PDO instead F:\wamp\www\develop\OA\Think\Library\Think\Db\Driver\Mysql.class.php 第 52 行.
SQL: SHOW COLUMNS FROM `oa_viewplace` [ RunTime:0.030001s ]
SQL: SELECT `id`,`name` FROM `oa_viewplace`  [ RunTime:0.000000s ]
SQL: SHOW COLUMNS FROM `oa_department` [ RunTime:0.004001s ]
SQL: SELECT `id`,`short_name` FROM `oa_department` WHERE `id` <> 1  [ RunTime:0.001000s ]
INFO: [ view_parse ] --START--
INFO: [ template_filter ] --START--
INFO: Run Behavior\ContentReplaceBehavior [ RunTime:0.001000s ]
INFO: [ template_filter ] --END-- [ RunTime:0.001000s ]
NOTIC: [2] in_array() expects parameter 2 to be array, null given F:\wamp\www\develop\OA\Apps\Common\Common\function.php 第 35 行.
SQL: SHOW COLUMNS FROM `oa_group_access` [ RunTime:0.004000s ]
SQL: SELECT `rules` FROM oa_group_access a INNER JOIN oa_group g on a.group_id=g.id  WHERE ( a.uid='13' and g.status='1' )  [ RunTime:0.001000s ]
SQL: SHOW COLUMNS FROM `oa_rule` [ RunTime:0.004000s ]
SQL: SELECT `condition`,`name` FROM `oa_rule` WHERE `id` IN ('1','2') AND `type` = 1 AND `status` = 1  [ RunTime:0.000000s ]
NOTIC: [2] in_array() expects parameter 2 to be array, null given F:\wamp\www\develop\OA\Apps\Common\Common\function.php 第 35 行.
NOTIC: [8] Use of undefined constant 接待管理 - assumed '接待管理' F:\wamp\www\develop\OA\Apps\Runtime\Cache\OA\fc49aaaaabc1d6df9fe741c8fc1676ea.php 第 594 行.
INFO: Run Behavior\ParseTemplateBehavior [ RunTime:0.038002s ]
INFO: [ view_parse ] --END-- [ RunTime:0.038002s ]
INFO: [ view_filter ] --START--
INFO: Run Behavior\WriteHtmlCacheBehavior [ RunTime:0.000000s ]
INFO: [ view_filter ] --END-- [ RunTime:0.000000s ]
INFO: [ app_end ] --START--
INFO: Run Behavior\ShowPageTraceBehavior [ RunTime:0.001000s ]
INFO: [ app_end ] --END-- [ RunTime:0.001000s ]

[ 2015-02-09T11:48:44+08:00 ] 127.0.0.1 /develop/OA/Reception/getReception.html?start=2015-02-09&end=2015-02-16&_=1423453724729
INFO: [ app_init ] --START--
INFO: Run Behavior\BuildLiteBehavior [ RunTime:0.000000s ]
INFO: [ app_init ] --END-- [ RunTime:0.001000s ]
INFO: [ app_begin ] --START--
INFO: Run Behavior\ReadHtmlCacheBehavior [ RunTime:0.001000s ]
INFO: [ app_begin ] --END-- [ RunTime:0.001000s ]
INFO: [ app_end ] --START--
INFO: Run Behavior\ShowPageTraceBehavior [ RunTime:0.001000s ]
INFO: [ app_end ] --END-- [ RunTime:0.002000s ]

[ 2015-02-09T11:48:46+08:00 ] 127.0.0.1 /develop/OA/Reception/receptionForm/start/2015-2-11%208:00/end/2015-2-11%209:00.html
INFO: [ app_init ] --START--
INFO: Run Behavior\BuildLiteBehavior [ RunTime:0.000000s ]
INFO: [ app_init ] --END-- [ RunTime:0.000000s ]
INFO: [ app_begin ] --START--
INFO: Run Behavior\ReadHtmlCacheBehavior [ RunTime:0.001000s ]
INFO: [ app_begin ] --END-- [ RunTime:0.001000s ]
NOTIC: [8192] mysql_connect(): The mysql extension is deprecated and will be removed in the future: use mysqli or PDO instead F:\wamp\www\develop\OA\Think\Library\Think\Db\Driver\Mysql.class.php 第 52 行.
SQL: SHOW COLUMNS FROM `oa_viewplace` [ RunTime:0.003000s ]
SQL: SELECT `id`,`name` FROM `oa_viewplace`  [ RunTime:0.000000s ]
SQL: SHOW COLUMNS FROM `oa_department` [ RunTime:0.004000s ]
SQL: SELECT `id`,`short_name` FROM `oa_department` WHERE `id` <> 1  [ RunTime:0.000000s ]
SQL: SHOW COLUMNS FROM `oa_room` [ RunTime:0.026002s ]
SQL: SELECT * FROM `oa_room` WHERE `name` <> '展厅'  [ RunTime:0.000000s ]
SQL: SHOW COLUMNS FROM `oa_user` [ RunTime:0.004000s ]
SQL: SHOW COLUMNS FROM `oa_user` [ RunTime:0.004001s ]
SQL: SELECT a.id,a.username,a.last_name,a.first_name,a.calendar_color FROM oa_user a LEFT JOIN oa_department b on a.department_id = b.id  WHERE b.name = '委领导' AND a.is_active = 1  [ RunTime:0.001000s ]
SQL: SHOW COLUMNS FROM `oa_department` [ RunTime:0.004000s ]
SQL: SELECT b.id,b.username,b.last_name,b.first_name,b.calendar_color FROM oa_department a LEFT JOIN oa_user b on a.leader_id = b.id  WHERE a.id <> 1 AND b.is_active = 1  [ RunTime:0.000000s ]
INFO: [ view_parse ] --START--
INFO: [ template_filter ] --START--
INFO: Run Behavior\ContentReplaceBehavior [ RunTime:0.000000s ]
INFO: [ template_filter ] --END-- [ RunTime:0.000000s ]
NOTIC: [2] in_array() expects parameter 2 to be array, null given F:\wamp\www\develop\OA\Apps\Common\Common\function.php 第 35 行.
SQL: SHOW COLUMNS FROM `oa_group_access` [ RunTime:0.005000s ]
SQL: SELECT `rules` FROM oa_group_access a INNER JOIN oa_group g on a.group_id=g.id  WHERE ( a.uid='13' and g.status='1' )  [ RunTime:0.001000s ]
SQL: SHOW COLUMNS FROM `oa_rule` [ RunTime:0.004000s ]
SQL: SELECT `condition`,`name` FROM `oa_rule` WHERE `id` IN ('1','2') AND `type` = 1 AND `status` = 1  [ RunTime:0.000000s ]
NOTIC: [2] in_array() expects parameter 2 to be array, null given F:\wamp\www\develop\OA\Apps\Common\Common\function.php 第 35 行.
NOTIC: [8] Use of undefined constant 接待登记 - assumed '接待登记' F:\wamp\www\develop\OA\Apps\Runtime\Cache\OA\00154af4cf20e1855d2030a3d3caf4aa.php 第 593 行.
INFO: Run Behavior\ParseTemplateBehavior [ RunTime:0.051003s ]
INFO: [ view_parse ] --END-- [ RunTime:0.051003s ]
INFO: [ view_filter ] --START--
INFO: Run Behavior\WriteHtmlCacheBehavior [ RunTime:0.001000s ]
INFO: [ view_filter ] --END-- [ RunTime:0.001000s ]
INFO: [ app_end ] --START--
INFO: Run Behavior\ShowPageTraceBehavior [ RunTime:0.001000s ]
INFO: [ app_end ] --END-- [ RunTime:0.001000s ]

[ 2015-02-09T11:49:26+08:00 ] 127.0.0.1 /develop/OA/Index/logout.html
INFO: [ app_init ] --START--
INFO: Run Behavior\BuildLiteBehavior [ RunTime:0.000000s ]
INFO: [ app_init ] --END-- [ RunTime:0.001000s ]
INFO: [ app_begin ] --START--
INFO: Run Behavior\ReadHtmlCacheBehavior [ RunTime:0.001000s ]
INFO: [ app_begin ] --END-- [ RunTime:0.001000s ]
NOTIC: [8192] mysql_connect(): The mysql extension is deprecated and will be removed in the future: use mysqli or PDO instead F:\wamp\www\develop\OA\Think\Library\Think\Db\Driver\Mysql.class.php 第 52 行.
SQL: SHOW COLUMNS FROM `oa_user` [ RunTime:0.005000s ]
SQL: SELECT * FROM `oa_user` WHERE `id` = 13 LIMIT 1   [ RunTime:0.001000s ]
SQL: UPDATE `oa_user` SET `username`='zengk',`password`='c4ca4238a0b923820dcc509a6f75849b',`first_name`='曾',`last_name`='科',`gender`='M',`birthday`='1981-01-08',`begin_work_date`='2006-07-01',`enter_date`='2013-04-23',`email`='38170508@qq.com',`image_url`='public',`last_login`='2015-02-09 11:48:22',`login_count`=69,`calendar_color`='',`is_login`=0,`is_active`=1,`is_super`=1,`department_id`=5,`duty_id`=5,`level_id`=4,`create_time`='2014-12-04 10:44:27',`update_time`='2014-12-04 10:52:21' WHERE `id` = 13 [ RunTime:0.043002s ]

[ 2015-02-09T11:49:26+08:00 ] 127.0.0.1 /develop/OA/Index/index.html
INFO: [ app_init ] --START--
INFO: Run Behavior\BuildLiteBehavior [ RunTime:0.000000s ]
INFO: [ app_init ] --END-- [ RunTime:0.001000s ]
INFO: [ app_begin ] --START--
INFO: Run Behavior\ReadHtmlCacheBehavior [ RunTime:0.002000s ]
INFO: [ app_begin ] --END-- [ RunTime:0.002000s ]
NOTIC: [8192] mysql_connect(): The mysql extension is deprecated and will be removed in the future: use mysqli or PDO instead F:\wamp\www\develop\OA\Think\Library\Think\Db\Driver\Mysql.class.php 第 52 行.
SQL: SHOW COLUMNS FROM `oa_duty` [ RunTime:0.003001s ]
SQL: SHOW COLUMNS FROM `oa_level` [ RunTime:0.003000s ]
SQL: SHOW COLUMNS FROM `oa_department` [ RunTime:0.004000s ]
SQL: SELECT `id`,`name` FROM `oa_department`  [ RunTime:0.001000s ]
SQL: SELECT `id`,`name` FROM `oa_level`  [ RunTime:0.001000s ]
SQL: SELECT `id`,`name` FROM `oa_duty`  [ RunTime:0.000000s ]
INFO: [ view_parse ] --START--
INFO: [ template_filter ] --START--
INFO: Run Behavior\ContentReplaceBehavior [ RunTime:0.000000s ]
INFO: [ template_filter ] --END-- [ RunTime:0.000000s ]
INFO: Run Behavior\ParseTemplateBehavior [ RunTime:0.017001s ]
INFO: [ view_parse ] --END-- [ RunTime:0.017001s ]
INFO: [ view_filter ] --START--
INFO: Run Behavior\WriteHtmlCacheBehavior [ RunTime:0.000000s ]
INFO: [ view_filter ] --END-- [ RunTime:0.000000s ]
INFO: [ app_end ] --START--
INFO: Run Behavior\ShowPageTraceBehavior [ RunTime:0.001000s ]
INFO: [ app_end ] --END-- [ RunTime:0.001000s ]

[ 2015-02-09T17:30:38+08:00 ] 127.0.0.1 /develop/oa/
INFO: [ app_init ] --START--
INFO: Run Behavior\BuildLiteBehavior [ RunTime:0.000000s ]
INFO: [ app_init ] --END-- [ RunTime:0.001000s ]
INFO: [ app_begin ] --START--
INFO: Run Behavior\ReadHtmlCacheBehavior [ RunTime:0.001000s ]
INFO: [ app_begin ] --END-- [ RunTime:0.001000s ]
NOTIC: [8192] mysql_connect(): The mysql extension is deprecated and will be removed in the future: use mysqli or PDO instead F:\wamp\www\develop\OA\Think\Library\Think\Db\Driver\Mysql.class.php 第 52 行.
SQL: SHOW COLUMNS FROM `oa_duty` [ RunTime:0.004000s ]
SQL: SHOW COLUMNS FROM `oa_level` [ RunTime:0.004001s ]
SQL: SHOW COLUMNS FROM `oa_department` [ RunTime:0.003000s ]
SQL: SELECT `id`,`name` FROM `oa_department`  [ RunTime:0.000000s ]
SQL: SELECT `id`,`name` FROM `oa_level`  [ RunTime:0.000000s ]
SQL: SELECT `id`,`name` FROM `oa_duty`  [ RunTime:0.000000s ]
INFO: [ view_parse ] --START--
INFO: [ template_filter ] --START--
INFO: Run Behavior\ContentReplaceBehavior [ RunTime:0.000000s ]
INFO: [ template_filter ] --END-- [ RunTime:0.000000s ]
INFO: Run Behavior\ParseTemplateBehavior [ RunTime:0.016001s ]
INFO: [ view_parse ] --END-- [ RunTime:0.017001s ]
INFO: [ view_filter ] --START--
INFO: Run Behavior\WriteHtmlCacheBehavior [ RunTime:0.000000s ]
INFO: [ view_filter ] --END-- [ RunTime:0.000000s ]
INFO: [ app_end ] --START--
INFO: Run Behavior\ShowPageTraceBehavior [ RunTime:0.001000s ]
INFO: [ app_end ] --END-- [ RunTime:0.001000s ]

